     1 00000000                                 [FORMAT "WCOFF"]
     2 00000000                                 [INSTRSET "i486p"]
     3 00000000                                 [OPTIMIZE 1]
     4 00000000                                 [OPTION 1]
     5 00000000                                 [BITS 32]
     6 00000000                                 	EXTERN	_io_out8
     7 00000000                                 	EXTERN	_boxfill8
     8 00000000                                 	EXTERN	_putfonts8_asc
     9 00000000                                 	EXTERN	_io_hlt
    10 00000000                                 [FILE "int.c"]
    11                                          [SECTION .text]
    12 00000000                                 	ALIGN	2
    13 00000000                                 	GLOBAL	_init_pic
    14 00000000                                 _init_pic:
    15 00000000 55                              	PUSH	EBP
    16 00000001 89 E5                           	MOV	EBP,ESP
    17 00000003 68 000000FF                     	PUSH	255
    18 00000008 6A 21                           	PUSH	33
    19 0000000A E8 [00000000]                   	CALL	_io_out8
    20 0000000F 68 000000FF                     	PUSH	255
    21 00000014 68 000000A1                     	PUSH	161
    22 00000019 E8 [00000000]                   	CALL	_io_out8
    23 0000001E 6A 11                           	PUSH	17
    24 00000020 6A 20                           	PUSH	32
    25 00000022 E8 [00000000]                   	CALL	_io_out8
    26 00000027 6A 20                           	PUSH	32
    27 00000029 6A 21                           	PUSH	33
    28 0000002B E8 [00000000]                   	CALL	_io_out8
    29 00000030 83 C4 20                        	ADD	ESP,32
    30 00000033 6A 04                           	PUSH	4
    31 00000035 6A 21                           	PUSH	33
    32 00000037 E8 [00000000]                   	CALL	_io_out8
    33 0000003C 6A 01                           	PUSH	1
    34 0000003E 6A 21                           	PUSH	33
    35 00000040 E8 [00000000]                   	CALL	_io_out8
    36 00000045 6A 11                           	PUSH	17
    37 00000047 68 000000A0                     	PUSH	160
    38 0000004C E8 [00000000]                   	CALL	_io_out8
    39 00000051 6A 28                           	PUSH	40
    40 00000053 68 000000A1                     	PUSH	161
    41 00000058 E8 [00000000]                   	CALL	_io_out8
    42 0000005D 83 C4 20                        	ADD	ESP,32
    43 00000060 6A 02                           	PUSH	2
    44 00000062 68 000000A1                     	PUSH	161
    45 00000067 E8 [00000000]                   	CALL	_io_out8
    46 0000006C 6A 01                           	PUSH	1
    47 0000006E 68 000000A1                     	PUSH	161
    48 00000073 E8 [00000000]                   	CALL	_io_out8
    49 00000078 68 000000FB                     	PUSH	251
    50 0000007D 6A 21                           	PUSH	33
    51 0000007F E8 [00000000]                   	CALL	_io_out8
    52 00000084 68 000000FF                     	PUSH	255
    53 00000089 68 000000A1                     	PUSH	161
    54 0000008E E8 [00000000]                   	CALL	_io_out8
    55 00000093 C9                              	LEAVE
    56 00000094 C3                              	RET
    57                                          [SECTION .data]
    58 00000000                                 LC0:
    59 00000000 49 4E 54 32 31 28 49 52 51 31   	DB	"INT21(IRQ1) :/ps/2 keyboard ",0x00
       0000000A 29 20 3A 2F 70 73 2F 32 20 6B 
       00000014 65 79 62 6F 61 72 64 20 00 
    60                                          [SECTION .text]
    61 00000095 90                              	ALIGN	2
    62 00000096                                 	GLOBAL	_inthandler21
    63 00000096                                 _inthandler21:
    64 00000096 55                              	PUSH	EBP
    65 00000097 89 E5                           	MOV	EBP,ESP
    66 00000099 6A 0F                           	PUSH	15
    67 0000009B 68 000000FF                     	PUSH	255
    68 000000A0 6A 00                           	PUSH	0
    69 000000A2 6A 00                           	PUSH	0
    70 000000A4 6A 00                           	PUSH	0
    71 000000A6 0F BF 05 00000FF4               	MOVSX	EAX,WORD [4084]
    72 000000AD 50                              	PUSH	EAX
    73 000000AE FF 35 00000FF8                  	PUSH	DWORD [4088]
    74 000000B4 E8 [00000000]                   	CALL	_boxfill8
    75 000000B9 68 [00000000]                   	PUSH	LC0
    76 000000BE 6A 07                           	PUSH	7
    77 000000C0 6A 00                           	PUSH	0
    78 000000C2 6A 00                           	PUSH	0
    79 000000C4 0F BF 05 00000FF4               	MOVSX	EAX,WORD [4084]
    80 000000CB 50                              	PUSH	EAX
    81 000000CC FF 35 00000FF8                  	PUSH	DWORD [4088]
    82 000000D2 E8 [00000000]                   	CALL	_putfonts8_asc
    83 000000D7 83 C4 34                        	ADD	ESP,52
    84 000000DA                                 L3:
    85 000000DA E8 [00000000]                   	CALL	_io_hlt
    86 000000DF EB F9                           	JMP	L3
    87                                          [SECTION .data]
    88 0000001D                                 LC1:
    89 0000001D 49 4E 54 20 32 43 20 28 49 52   	DB	"INT 2C (IRQ-12) : PS/2 mouse",0x00
       00000027 51 2D 31 32 29 20 3A 20 50 53 
       00000031 2F 32 20 6D 6F 75 73 65 00 
    90                                          [SECTION .text]
    91 000000E1 90                              	ALIGN	2
    92 000000E2                                 	GLOBAL	_inthandler2c
    93 000000E2                                 _inthandler2c:
    94 000000E2 55                              	PUSH	EBP
    95 000000E3 89 E5                           	MOV	EBP,ESP
    96 000000E5 6A 0F                           	PUSH	15
    97 000000E7 68 000000FF                     	PUSH	255
    98 000000EC 6A 00                           	PUSH	0
    99 000000EE 6A 00                           	PUSH	0
   100 000000F0 6A 00                           	PUSH	0
   101 000000F2 0F BF 05 00000FF4               	MOVSX	EAX,WORD [4084]
   102 000000F9 50                              	PUSH	EAX
   103 000000FA FF 35 00000FF8                  	PUSH	DWORD [4088]
   104 00000100 E8 [00000000]                   	CALL	_boxfill8
   105 00000105 68 [0000001D]                   	PUSH	LC1
   106 0000010A 6A 07                           	PUSH	7
   107 0000010C 6A 00                           	PUSH	0
   108 0000010E 6A 00                           	PUSH	0
   109 00000110 0F BF 05 00000FF4               	MOVSX	EAX,WORD [4084]
   110 00000117 50                              	PUSH	EAX
   111 00000118 FF 35 00000FF8                  	PUSH	DWORD [4088]
   112 0000011E E8 [00000000]                   	CALL	_putfonts8_asc
   113 00000123 83 C4 34                        	ADD	ESP,52
   114 00000126                                 L7:
   115 00000126 E8 [00000000]                   	CALL	_io_hlt
   116 0000012B EB F9                           	JMP	L7
