     1 00000000                                 
     2 00000000                                 [FORMAT "WCOFF"]
     3 00000000                                 [INSTRSET "i486p"]
     4 00000000                                 [BITS 32]
     5 00000000                                 
     6 00000000                                 [FILE "naskfunc.nas"]
     7 00000000                                 	GLOBAL _io_hlt ; function names included
     8 00000000                                 	GLOBAL _write_mem8 ;
     9 00000000                                 	GLOBAL _io_cli,_io_sti,_io_stihlt
    10 00000000                                 	GLOBAL _io_in8,_io_in16,_io_in32
    11 00000000                                 	GLOBAL _io_out8,_io_out16,_io_out32
    12 00000000                                 	GLOBAL _io_load_eflags,_io_store_eflags
    13 00000000                                 
    14                                          [SECTION .text]
    15 00000000                                 _io_hlt:    ; void io_hlt(void);
    16 00000000 F4                              	HLT
    17 00000001 C3                              	RET
    18 00000002                                 
    19 00000002                                 _write_mem8: ; void write_mem8(int addr, int data)  ;
    20 00000002 8B 4C 24 04                     	MOV ECX,[ESP+4] ; move the address to 32bits counter
    21 00000006 8A 44 24 08                     	MOV AL,[ESP+8]  ; write 8bits data
    22 0000000A 88 01                           	MOV [ECX],AL
    23 0000000C C3                              	RET
    24 0000000D                                 
    25 0000000D                                 
    26 0000000D                                 _io_cli:  ;   void io_cli(void);
    27 0000000D                                 
    28 0000000D FA                              	CLI
    29 0000000E C3                              	RET
    30 0000000F                                 
    31 0000000F                                 _io_sti: ; void io_sti(void);
    32 0000000F FB                              	STI
    33 00000010 C3                              	RET
    34 00000011                                 
    35 00000011                                 _io_stihlt:  ; void io_stihlt(void);
    36 00000011                                 
    37 00000011 FB                              	STI
    38 00000012 F4                              	HLT
    39 00000013 C3                              	RET
    40 00000014                                 
    41 00000014                                 
    42 00000014                                 _io_in8:  ; int io_in8(int port);
    43 00000014 8B 54 24 04                     	MOV EDX,[ESP+4]
    44 00000018 B8 00000000                     	MOV EAX,0
    45 0000001D EC                              	IN AL,DX
    46 0000001E C3                              	RET 
    47 0000001F                                 
    48 0000001F                                 
    49 0000001F                                 _io_in16:  ; int io_in16(int port);
    50 0000001F 8B 54 24 04                     	MOV EDX,[ESP+4]
    51 00000023 B8 00000000                     	MOV EAX,0
    52 00000028 66 ED                           	IN AX,DX
    53 0000002A C3                              	RET 
    54 0000002B                                 
    55 0000002B                                 
    56 0000002B                                 _io_in32:  ; int io_in32(int port);
    57 0000002B 8B 54 24 04                     	MOV EDX,[ESP+4]
    58 0000002F ED                              	IN EAX,DX
    59 00000030 C3                              	RET 
    60 00000031                                 
    61 00000031                                 _io_out8:  ; void io_out8(int port,int data);
    62 00000031 8B 54 24 04                     	MOV EDX,[ESP+4]
    63 00000035 8A 44 24 08                     	MOV AL,[ESP+8]
    64 00000039 EE                              	OUT DX,AL
    65 0000003A C3                              	RET
    66 0000003B                                 
    67 0000003B                                 
    68 0000003B                                 _io_out16:  ; void io_out16(int port,int data);
    69 0000003B 8B 54 24 04                     	MOV EDX,[ESP+4]
    70 0000003F 8B 44 24 08                     	MOV EAX,[ESP+8]
    71 00000043 66 EF                           	OUT DX,AX
    72 00000045 C3                              	RET
    73 00000046                                 
    74 00000046                                 _io_out32:  ; void io_out32(int port,int data);
    75 00000046 8B 54 24 04                     	MOV EDX,[ESP+4]
    76 0000004A 8B 44 24 08                     	MOV EAX,[ESP+8]
    77 0000004E EF                              	OUT DX,EAX
    78 0000004F C3                              	RET
    79 00000050                                 
    80 00000050                                 _io_load_eflags:  ; int io_load_eflags(void);
    81 00000050 9C                              	PUSHFD
    82 00000051 58                              	POP EAX
    83 00000052 C3                              	RET
    84 00000053                                 
    85 00000053                                 
    86 00000053                                 _io_store_eflags:  ; void io_store_eflags(int eflags);
    87 00000053 8B 44 24 04                     	MOV EAX,[ESP+4]
    88 00000057 50                              	PUSH EAX
    89 00000058 9D                              	POPFD
    90 00000059 C3                              	RET
    91 0000005A                                 
    92 0000005A                                 
