     1 00000000                                 [FORMAT "WCOFF"]
     2 00000000                                 [INSTRSET "i486p"]
     3 00000000                                 [OPTIMIZE 1]
     4 00000000                                 [OPTION 1]
     5 00000000                                 [BITS 32]
     6 00000000                                 	EXTERN	_init_gdtidt
     7 00000000                                 	EXTERN	_init_pic
     8 00000000                                 	EXTERN	_io_sti
     9 00000000                                 	EXTERN	_init_keyboard
    10 00000000                                 	EXTERN	_memtest
    11 00000000                                 	EXTERN	_memman_init
    12 00000000                                 	EXTERN	_memman_free
    13 00000000                                 	EXTERN	_init_palette
    14 00000000                                 	EXTERN	_shtctl_init
    15 00000000                                 	EXTERN	_sheet_alloc
    16 00000000                                 	EXTERN	_memman_alloc_4k
    17 00000000                                 	EXTERN	_sheet_setbuf
    18 00000000                                 	EXTERN	_init_screen
    19 00000000                                 	EXTERN	_enable_mouse
    20 00000000                                 	EXTERN	_init_mouse_cursor8
    21 00000000                                 	EXTERN	_make_window8
    22 00000000                                 	EXTERN	_putfonts8_asc
    23 00000000                                 	EXTERN	_sheet_slide
    24 00000000                                 	EXTERN	_sheet_updown
    25 00000000                                 	EXTERN	_sprintf
    26 00000000                                 	EXTERN	_memman_total
    27 00000000                                 	EXTERN	_sheet_refresh
    28 00000000                                 	EXTERN	_io_out8
    29 00000000                                 	EXTERN	_keyfifo
    30 00000000                                 	EXTERN	_fifo8_init
    31 00000000                                 	EXTERN	_mousefifo
    32 00000000                                 	EXTERN	_io_cli
    33 00000000                                 	EXTERN	_fifo8_status
    34 00000000                                 	EXTERN	_fifo8_get
    35 00000000                                 	EXTERN	_mouse_decode
    36 00000000                                 	EXTERN	_boxfill8
    37 00000000                                 	EXTERN	_io_stihlt
    38 00000000                                 [FILE "bootpack.c"]
    39                                          [SECTION .data]
    40 00000000                                 LC0:
    41 00000000 77 69 6E 64 6F 77 00            	DB	"window",0x00
    42 00000007                                 LC1:
    43 00000007 77 65 6C 63 6F 6D 65 20 74 6F   	DB	"welcome to",0x00
       00000011 00 
    44 00000012                                 LC2:
    45 00000012 68 65 72 65 00                  	DB	"here",0x00
    46 00000017                                 LC3:
    47 00000017 25 33 64 20 25 33 64 00         	DB	"%3d %3d",0x00
    48 0000001F                                 LC4:
    49 0000001F 6D 65 6D 6F 72 79 20 25 64 4D   	DB	"memory %dMB free %dkb",0x00
       00000029 42 20 66 72 65 65 20 25 64 6B 
       00000033 62 00 
    50 00000035                                 LC6:
    51 00000035 5B 6C 63 72 20 25 34 64 20 25   	DB	"[lcr %4d %4d]",0x00
       0000003F 34 64 5D 00 
    52 00000043                                 LC7:
    53 00000043 28 25 33 64 2C 25 33 64 29 00   	DB	"(%3d,%3d)",0x00
    54 0000004D                                 LC5:
    55 0000004D 25 30 32 58 00                  	DB	"%02X",0x00
    56                                          [SECTION .text]
    57 00000000                                 	ALIGN	2
    58 00000000                                 	GLOBAL	_HariMain
    59 00000000                                 _HariMain:
    60 00000000 55                              	PUSH	EBP
    61 00000001 89 E5                           	MOV	EBP,ESP
    62 00000003 57                              	PUSH	EDI
    63 00000004 56                              	PUSH	ESI
    64 00000005 53                              	PUSH	EBX
    65 00000006 8D B5 FFFFFEF4                  	LEA	ESI,DWORD [-268+EBP]
    66 0000000C 81 EC 00000204                  	SUB	ESP,516
    67 00000012 E8 [00000000]                   	CALL	_init_gdtidt
    68 00000017 E8 [00000000]                   	CALL	_init_pic
    69 0000001C E8 [00000000]                   	CALL	_io_sti
    70 00000021 E8 [00000000]                   	CALL	_init_keyboard
    71 00000026 68 BFFFFFFF                     	PUSH	-1073741825
    72 0000002B 68 00400000                     	PUSH	4194304
    73 00000030 E8 [00000000]                   	CALL	_memtest
    74 00000035 68 003C0000                     	PUSH	3932160
    75 0000003A 89 85 FFFFFE08                  	MOV	DWORD [-504+EBP],EAX
    76 00000040 E8 [00000000]                   	CALL	_memman_init
    77 00000045 68 0009E000                     	PUSH	647168
    78 0000004A 68 00001000                     	PUSH	4096
    79 0000004F 68 003C0000                     	PUSH	3932160
    80 00000054 E8 [00000000]                   	CALL	_memman_free
    81 00000059 8B 85 FFFFFE08                  	MOV	EAX,DWORD [-504+EBP]
    82 0000005F 2D 00400000                     	SUB	EAX,4194304
    83 00000064 50                              	PUSH	EAX
    84 00000065 68 00400000                     	PUSH	4194304
    85 0000006A 68 003C0000                     	PUSH	3932160
    86 0000006F E8 [00000000]                   	CALL	_memman_free
    87 00000074 83 C4 24                        	ADD	ESP,36
    88 00000077 E8 [00000000]                   	CALL	_init_palette
    89 0000007C 0F BF 15 00000FF6               	MOVSX	EDX,WORD [4086]
    90 00000083 0F BF 05 00000FF4               	MOVSX	EAX,WORD [4084]
    91 0000008A 52                              	PUSH	EDX
    92 0000008B 89 85 FFFFFE10                  	MOV	DWORD [-496+EBP],EAX
    93 00000091 0F BF 05 00000FF4               	MOVSX	EAX,WORD [4084]
    94 00000098 50                              	PUSH	EAX
    95 00000099 89 95 FFFFFE0C                  	MOV	DWORD [-500+EBP],EDX
    96 0000009F FF 35 00000FF8                  	PUSH	DWORD [4088]
    97 000000A5 68 003C0000                     	PUSH	3932160
    98 000000AA E8 [00000000]                   	CALL	_shtctl_init
    99 000000AF 89 C3                           	MOV	EBX,EAX
   100 000000B1 50                              	PUSH	EAX
   101 000000B2 E8 [00000000]                   	CALL	_sheet_alloc
   102 000000B7 53                              	PUSH	EBX
   103 000000B8 89 85 FFFFFE04                  	MOV	DWORD [-508+EBP],EAX
   104 000000BE E8 [00000000]                   	CALL	_sheet_alloc
   105 000000C3 53                              	PUSH	EBX
   106 000000C4 89 85 FFFFFE00                  	MOV	DWORD [-512+EBP],EAX
   107 000000CA E8 [00000000]                   	CALL	_sheet_alloc
   108 000000CF 0F BF 1D 00000FF6               	MOVSX	EBX,WORD [4086]
   109 000000D6 89 85 FFFFFDFC                  	MOV	DWORD [-516+EBP],EAX
   110 000000DC 0F BF 05 00000FF4               	MOVSX	EAX,WORD [4084]
   111 000000E3 0F AF C3                        	IMUL	EAX,EBX
   112 000000E6 50                              	PUSH	EAX
   113 000000E7 68 003C0000                     	PUSH	3932160
   114 000000EC E8 [00000000]                   	CALL	_memman_alloc_4k
   115 000000F1 83 C4 24                        	ADD	ESP,36
   116 000000F4 68 00002A80                     	PUSH	10880
   117 000000F9 89 85 FFFFFDF8                  	MOV	DWORD [-520+EBP],EAX
   118 000000FF 68 003C0000                     	PUSH	3932160
   119 00000104 E8 [00000000]                   	CALL	_memman_alloc_4k
   120 00000109 6A FF                           	PUSH	-1
   121 0000010B 89 C3                           	MOV	EBX,EAX
   122 0000010D 0F BF 05 00000FF6               	MOVSX	EAX,WORD [4086]
   123 00000114 50                              	PUSH	EAX
   124 00000115 0F BF 05 00000FF4               	MOVSX	EAX,WORD [4084]
   125 0000011C 50                              	PUSH	EAX
   126 0000011D FF B5 FFFFFDF8                  	PUSH	DWORD [-520+EBP]
   127 00000123 FF B5 FFFFFE04                  	PUSH	DWORD [-508+EBP]
   128 00000129 E8 [00000000]                   	CALL	_sheet_setbuf
   129 0000012E 6A 63                           	PUSH	99
   130 00000130 6A 10                           	PUSH	16
   131 00000132 6A 10                           	PUSH	16
   132 00000134 56                              	PUSH	ESI
   133 00000135 FF B5 FFFFFE00                  	PUSH	DWORD [-512+EBP]
   134 0000013B E8 [00000000]                   	CALL	_sheet_setbuf
   135 00000140 83 C4 30                        	ADD	ESP,48
   136 00000143 6A FF                           	PUSH	-1
   137 00000145 6A 44                           	PUSH	68
   138 00000147 68 000000A0                     	PUSH	160
   139 0000014C 53                              	PUSH	EBX
   140 0000014D FF B5 FFFFFDFC                  	PUSH	DWORD [-516+EBP]
   141 00000153 E8 [00000000]                   	CALL	_sheet_setbuf
   142 00000158 FF B5 FFFFFE0C                  	PUSH	DWORD [-500+EBP]
   143 0000015E FF B5 FFFFFE10                  	PUSH	DWORD [-496+EBP]
   144 00000164 FF B5 FFFFFDF8                  	PUSH	DWORD [-520+EBP]
   145 0000016A E8 [00000000]                   	CALL	_init_screen
   146 0000016F 8D 85 FFFFFE14                  	LEA	EAX,DWORD [-492+EBP]
   147 00000175 83 C4 20                        	ADD	ESP,32
   148 00000178 50                              	PUSH	EAX
   149 00000179 E8 [00000000]                   	CALL	_enable_mouse
   150 0000017E 6A 63                           	PUSH	99
   151 00000180 56                              	PUSH	ESI
   152 00000181 E8 [00000000]                   	CALL	_init_mouse_cursor8
   153 00000186 68 [00000000]                   	PUSH	LC0
   154 0000018B 6A 44                           	PUSH	68
   155 0000018D 68 000000A0                     	PUSH	160
   156 00000192 53                              	PUSH	EBX
   157 00000193 E8 [00000000]                   	CALL	_make_window8
   158 00000198 68 [00000007]                   	PUSH	LC1
   159 0000019D 6A 00                           	PUSH	0
   160 0000019F 6A 1C                           	PUSH	28
   161 000001A1 6A 18                           	PUSH	24
   162 000001A3 68 000000A0                     	PUSH	160
   163 000001A8 53                              	PUSH	EBX
   164 000001A9 E8 [00000000]                   	CALL	_putfonts8_asc
   165 000001AE 83 C4 34                        	ADD	ESP,52
   166 000001B1 68 [00000012]                   	PUSH	LC2
   167 000001B6 6A 07                           	PUSH	7
   168 000001B8 6A 2C                           	PUSH	44
   169 000001BA 6A 18                           	PUSH	24
   170 000001BC 68 000000A0                     	PUSH	160
   171 000001C1 53                              	PUSH	EBX
   172 000001C2 BB 00000002                     	MOV	EBX,2
   173 000001C7 E8 [00000000]                   	CALL	_putfonts8_asc
   174 000001CC 6A 00                           	PUSH	0
   175 000001CE 6A 00                           	PUSH	0
   176 000001D0 FF B5 FFFFFE04                  	PUSH	DWORD [-508+EBP]
   177 000001D6 E8 [00000000]                   	CALL	_sheet_slide
   178 000001DB 83 C4 24                        	ADD	ESP,36
   179 000001DE 0F BF 05 00000FF4               	MOVSX	EAX,WORD [4084]
   180 000001E5 8D 48 F0                        	LEA	ECX,DWORD [-16+EAX]
   181 000001E8 89 C8                           	MOV	EAX,ECX
   182 000001EA 99                              	CDQ
   183 000001EB F7 FB                           	IDIV	EBX
   184 000001ED 89 C7                           	MOV	EDI,EAX
   185 000001EF 0F BF 05 00000FF6               	MOVSX	EAX,WORD [4086]
   186 000001F6 8D 48 D4                        	LEA	ECX,DWORD [-44+EAX]
   187 000001F9 89 C8                           	MOV	EAX,ECX
   188 000001FB 99                              	CDQ
   189 000001FC F7 FB                           	IDIV	EBX
   190 000001FE 50                              	PUSH	EAX
   191 000001FF 89 C6                           	MOV	ESI,EAX
   192 00000201 57                              	PUSH	EDI
   193 00000202 8D 9D FFFFFEC4                  	LEA	EBX,DWORD [-316+EBP]
   194 00000208 FF B5 FFFFFE00                  	PUSH	DWORD [-512+EBP]
   195 0000020E E8 [00000000]                   	CALL	_sheet_slide
   196 00000213 6A 48                           	PUSH	72
   197 00000215 6A 50                           	PUSH	80
   198 00000217 FF B5 FFFFFDFC                  	PUSH	DWORD [-516+EBP]
   199 0000021D E8 [00000000]                   	CALL	_sheet_slide
   200 00000222 6A 00                           	PUSH	0
   201 00000224 FF B5 FFFFFE04                  	PUSH	DWORD [-508+EBP]
   202 0000022A E8 [00000000]                   	CALL	_sheet_updown
   203 0000022F 83 C4 20                        	ADD	ESP,32
   204 00000232 6A 01                           	PUSH	1
   205 00000234 FF B5 FFFFFDFC                  	PUSH	DWORD [-516+EBP]
   206 0000023A E8 [00000000]                   	CALL	_sheet_updown
   207 0000023F 6A 02                           	PUSH	2
   208 00000241 FF B5 FFFFFE00                  	PUSH	DWORD [-512+EBP]
   209 00000247 E8 [00000000]                   	CALL	_sheet_updown
   210 0000024C 56                              	PUSH	ESI
   211 0000024D 57                              	PUSH	EDI
   212 0000024E 68 [00000017]                   	PUSH	LC3
   213 00000253 53                              	PUSH	EBX
   214 00000254 E8 [00000000]                   	CALL	_sprintf
   215 00000259 83 C4 20                        	ADD	ESP,32
   216 0000025C 53                              	PUSH	EBX
   217 0000025D 6A 07                           	PUSH	7
   218 0000025F 6A 00                           	PUSH	0
   219 00000261 6A 00                           	PUSH	0
   220 00000263 0F BF 05 00000FF4               	MOVSX	EAX,WORD [4084]
   221 0000026A 50                              	PUSH	EAX
   222 0000026B FF 35 00000FF8                  	PUSH	DWORD [4088]
   223 00000271 E8 [00000000]                   	CALL	_putfonts8_asc
   224 00000276 68 003C0000                     	PUSH	3932160
   225 0000027B E8 [00000000]                   	CALL	_memman_total
   226 00000280 C1 AD FFFFFE08 14               	SHR	DWORD [-504+EBP],20
   227 00000287 C1 E8 0A                        	SHR	EAX,10
   228 0000028A 89 04 24                        	MOV	DWORD [ESP],EAX
   229 0000028D FF B5 FFFFFE08                  	PUSH	DWORD [-504+EBP]
   230 00000293 68 [0000001F]                   	PUSH	LC4
   231 00000298 53                              	PUSH	EBX
   232 00000299 E8 [00000000]                   	CALL	_sprintf
   233 0000029E 83 C4 28                        	ADD	ESP,40
   234 000002A1 53                              	PUSH	EBX
   235 000002A2 6A 07                           	PUSH	7
   236 000002A4 6A 20                           	PUSH	32
   237 000002A6 6A 00                           	PUSH	0
   238 000002A8 0F BF 05 00000FF4               	MOVSX	EAX,WORD [4084]
   239 000002AF 50                              	PUSH	EAX
   240 000002B0 FF B5 FFFFFDF8                  	PUSH	DWORD [-520+EBP]
   241 000002B6 E8 [00000000]                   	CALL	_putfonts8_asc
   242 000002BB 6A 30                           	PUSH	48
   243 000002BD 0F BF 05 00000FF4               	MOVSX	EAX,WORD [4084]
   244 000002C4 50                              	PUSH	EAX
   245 000002C5 6A 00                           	PUSH	0
   246 000002C7 6A 00                           	PUSH	0
   247 000002C9 FF B5 FFFFFE04                  	PUSH	DWORD [-508+EBP]
   248 000002CF E8 [00000000]                   	CALL	_sheet_refresh
   249 000002D4 83 C4 2C                        	ADD	ESP,44
   250 000002D7 68 000000F9                     	PUSH	249
   251 000002DC 6A 21                           	PUSH	33
   252 000002DE E8 [00000000]                   	CALL	_io_out8
   253 000002E3 68 000000EF                     	PUSH	239
   254 000002E8 68 000000A1                     	PUSH	161
   255 000002ED E8 [00000000]                   	CALL	_io_out8
   256 000002F2 8D 85 FFFFFEA4                  	LEA	EAX,DWORD [-348+EBP]
   257 000002F8 50                              	PUSH	EAX
   258 000002F9 6A 20                           	PUSH	32
   259 000002FB 68 [00000000]                   	PUSH	_keyfifo
   260 00000300 E8 [00000000]                   	CALL	_fifo8_init
   261 00000305 8D 85 FFFFFE24                  	LEA	EAX,DWORD [-476+EBP]
   262 0000030B 50                              	PUSH	EAX
   263 0000030C 68 00000080                     	PUSH	128
   264 00000311 68 [00000000]                   	PUSH	_mousefifo
   265 00000316 E8 [00000000]                   	CALL	_fifo8_init
   266 0000031B 83 C4 28                        	ADD	ESP,40
   267 0000031E                                 L2:
   268 0000031E E8 [00000000]                   	CALL	_io_cli
   269 00000323 68 [00000000]                   	PUSH	_keyfifo
   270 00000328 E8 [00000000]                   	CALL	_fifo8_status
   271 0000032D 68 [00000000]                   	PUSH	_mousefifo
   272 00000332 89 C3                           	MOV	EBX,EAX
   273 00000334 E8 [00000000]                   	CALL	_fifo8_status
   274 00000339 8D 04 18                        	LEA	EAX,DWORD [EAX+EBX*1]
   275 0000033C 5B                              	POP	EBX
   276 0000033D 5A                              	POP	EDX
   277 0000033E 85 C0                           	TEST	EAX,EAX
   278 00000340 0F 84 0000021C                  	JE	L18
   279 00000346 68 [00000000]                   	PUSH	_keyfifo
   280 0000034B E8 [00000000]                   	CALL	_fifo8_status
   281 00000350 59                              	POP	ECX
   282 00000351 85 C0                           	TEST	EAX,EAX
   283 00000353 0F 85 00000191                  	JNE	L19
   284 00000359 68 [00000000]                   	PUSH	_mousefifo
   285 0000035E E8 [00000000]                   	CALL	_fifo8_status
   286 00000363 5A                              	POP	EDX
   287 00000364 85 C0                           	TEST	EAX,EAX
   288 00000366 74 B6                           	JE	L2
   289 00000368 68 [00000000]                   	PUSH	_mousefifo
   290 0000036D E8 [00000000]                   	CALL	_fifo8_get
   291 00000372 89 C3                           	MOV	EBX,EAX
   292 00000374 E8 [00000000]                   	CALL	_io_sti
   293 00000379 0F B6 C3                        	MOVZX	EAX,BL
   294 0000037C 50                              	PUSH	EAX
   295 0000037D 8D 85 FFFFFE14                  	LEA	EAX,DWORD [-492+EBP]
   296 00000383 50                              	PUSH	EAX
   297 00000384 E8 [00000000]                   	CALL	_mouse_decode
   298 00000389 83 C4 0C                        	ADD	ESP,12
   299 0000038C 85 C0                           	TEST	EAX,EAX
   300 0000038E 74 8E                           	JE	L2
   301 00000390 FF B5 FFFFFE1C                  	PUSH	DWORD [-484+EBP]
   302 00000396 FF B5 FFFFFE18                  	PUSH	DWORD [-488+EBP]
   303 0000039C 68 [00000035]                   	PUSH	LC6
   304 000003A1 8D 9D FFFFFEC4                  	LEA	EBX,DWORD [-316+EBP]
   305 000003A7 53                              	PUSH	EBX
   306 000003A8 E8 [00000000]                   	CALL	_sprintf
   307 000003AD 83 C4 10                        	ADD	ESP,16
   308 000003B0 8B 85 FFFFFE20                  	MOV	EAX,DWORD [-480+EBP]
   309 000003B6 A9 00000001                     	TEST	EAX,1
   310 000003BB 74 07                           	JE	L11
   311 000003BD C6 85 FFFFFEC5 4C               	MOV	BYTE [-315+EBP],76
   312 000003C4                                 L11:
   313 000003C4 A9 00000002                     	TEST	EAX,2
   314 000003C9 74 07                           	JE	L12
   315 000003CB C6 85 FFFFFEC7 52               	MOV	BYTE [-313+EBP],82
   316 000003D2                                 L12:
   317 000003D2 83 E0 04                        	AND	EAX,4
   318 000003D5 74 07                           	JE	L13
   319 000003D7 C6 85 FFFFFEC6 43               	MOV	BYTE [-314+EBP],67
   320 000003DE                                 L13:
   321 000003DE 6A 1F                           	PUSH	31
   322 000003E0 68 00000097                     	PUSH	151
   323 000003E5 6A 10                           	PUSH	16
   324 000003E7 6A 20                           	PUSH	32
   325 000003E9 6A 0E                           	PUSH	14
   326 000003EB 0F BF 05 00000FF4               	MOVSX	EAX,WORD [4084]
   327 000003F2 50                              	PUSH	EAX
   328 000003F3 FF B5 FFFFFDF8                  	PUSH	DWORD [-520+EBP]
   329 000003F9 E8 [00000000]                   	CALL	_boxfill8
   330 000003FE 53                              	PUSH	EBX
   331 000003FF 6A 07                           	PUSH	7
   332 00000401 6A 10                           	PUSH	16
   333 00000403 6A 20                           	PUSH	32
   334 00000405 0F BF 05 00000FF4               	MOVSX	EAX,WORD [4084]
   335 0000040C 50                              	PUSH	EAX
   336 0000040D FF B5 FFFFFDF8                  	PUSH	DWORD [-520+EBP]
   337 00000413 E8 [00000000]                   	CALL	_putfonts8_asc
   338 00000418 83 C4 34                        	ADD	ESP,52
   339 0000041B 6A 20                           	PUSH	32
   340 0000041D 68 00000098                     	PUSH	152
   341 00000422 6A 10                           	PUSH	16
   342 00000424 6A 20                           	PUSH	32
   343 00000426 FF B5 FFFFFE04                  	PUSH	DWORD [-508+EBP]
   344 0000042C E8 [00000000]                   	CALL	_sheet_refresh
   345 00000431 83 C4 14                        	ADD	ESP,20
   346 00000434 03 B5 FFFFFE1C                  	ADD	ESI,DWORD [-484+EBP]
   347 0000043A 03 BD FFFFFE18                  	ADD	EDI,DWORD [-488+EBP]
   348 00000440 0F 88 0000009D                  	JS	L20
   349 00000446                                 L14:
   350 00000446 85 F6                           	TEST	ESI,ESI
   351 00000448 0F 88 0000008E                  	JS	L21
   352 0000044E                                 L15:
   353 0000044E 0F BF 05 00000FF4               	MOVSX	EAX,WORD [4084]
   354 00000455 48                              	DEC	EAX
   355 00000456 39 C7                           	CMP	EDI,EAX
   356 00000458 7E 02                           	JLE	L16
   357 0000045A 89 C7                           	MOV	EDI,EAX
   358 0000045C                                 L16:
   359 0000045C 0F BF 05 00000FF6               	MOVSX	EAX,WORD [4086]
   360 00000463 48                              	DEC	EAX
   361 00000464 39 C6                           	CMP	ESI,EAX
   362 00000466 7E 02                           	JLE	L17
   363 00000468 89 C6                           	MOV	ESI,EAX
   364 0000046A                                 L17:
   365 0000046A 56                              	PUSH	ESI
   366 0000046B 57                              	PUSH	EDI
   367 0000046C 68 [00000043]                   	PUSH	LC7
   368 00000471 53                              	PUSH	EBX
   369 00000472 E8 [00000000]                   	CALL	_sprintf
   370 00000477 6A 0F                           	PUSH	15
   371 00000479 6A 4F                           	PUSH	79
   372 0000047B 6A 00                           	PUSH	0
   373 0000047D 6A 00                           	PUSH	0
   374 0000047F 6A 0E                           	PUSH	14
   375 00000481 0F BF 05 00000FF4               	MOVSX	EAX,WORD [4084]
   376 00000488 50                              	PUSH	EAX
   377 00000489 FF B5 FFFFFDF8                  	PUSH	DWORD [-520+EBP]
   378 0000048F E8 [00000000]                   	CALL	_boxfill8
   379 00000494 83 C4 2C                        	ADD	ESP,44
   380 00000497 53                              	PUSH	EBX
   381 00000498 6A 07                           	PUSH	7
   382 0000049A 6A 00                           	PUSH	0
   383 0000049C 6A 00                           	PUSH	0
   384 0000049E 0F BF 05 00000FF4               	MOVSX	EAX,WORD [4084]
   385 000004A5 50                              	PUSH	EAX
   386 000004A6 FF B5 FFFFFDF8                  	PUSH	DWORD [-520+EBP]
   387 000004AC E8 [00000000]                   	CALL	_putfonts8_asc
   388 000004B1 6A 10                           	PUSH	16
   389 000004B3 6A 50                           	PUSH	80
   390 000004B5 6A 00                           	PUSH	0
   391 000004B7 6A 00                           	PUSH	0
   392 000004B9 FF B5 FFFFFE04                  	PUSH	DWORD [-508+EBP]
   393 000004BF E8 [00000000]                   	CALL	_sheet_refresh
   394 000004C4 83 C4 2C                        	ADD	ESP,44
   395 000004C7 56                              	PUSH	ESI
   396 000004C8 57                              	PUSH	EDI
   397 000004C9 FF B5 FFFFFE00                  	PUSH	DWORD [-512+EBP]
   398 000004CF E8 [00000000]                   	CALL	_sheet_slide
   399 000004D4 83 C4 0C                        	ADD	ESP,12
   400 000004D7 E9 FFFFFE42                     	JMP	L2
   401 000004DC                                 L21:
   402 000004DC 31 F6                           	XOR	ESI,ESI
   403 000004DE E9 FFFFFF6B                     	JMP	L15
   404 000004E3                                 L20:
   405 000004E3 31 FF                           	XOR	EDI,EDI
   406 000004E5 E9 FFFFFF5C                     	JMP	L14
   407 000004EA                                 L19:
   408 000004EA 68 [00000000]                   	PUSH	_keyfifo
   409 000004EF E8 [00000000]                   	CALL	_fifo8_get
   410 000004F4 89 C3                           	MOV	EBX,EAX
   411 000004F6 E8 [00000000]                   	CALL	_io_sti
   412 000004FB 53                              	PUSH	EBX
   413 000004FC 8D 9D FFFFFEC4                  	LEA	EBX,DWORD [-316+EBP]
   414 00000502 68 [0000004D]                   	PUSH	LC5
   415 00000507 53                              	PUSH	EBX
   416 00000508 E8 [00000000]                   	CALL	_sprintf
   417 0000050D 6A 1F                           	PUSH	31
   418 0000050F 6A 0F                           	PUSH	15
   419 00000511 6A 10                           	PUSH	16
   420 00000513 6A 00                           	PUSH	0
   421 00000515 6A 0E                           	PUSH	14
   422 00000517 0F BF 05 00000FF4               	MOVSX	EAX,WORD [4084]
   423 0000051E 50                              	PUSH	EAX
   424 0000051F FF B5 FFFFFDF8                  	PUSH	DWORD [-520+EBP]
   425 00000525 E8 [00000000]                   	CALL	_boxfill8
   426 0000052A 83 C4 2C                        	ADD	ESP,44
   427 0000052D 53                              	PUSH	EBX
   428 0000052E 6A 07                           	PUSH	7
   429 00000530 6A 10                           	PUSH	16
   430 00000532 6A 00                           	PUSH	0
   431 00000534 0F BF 05 00000FF4               	MOVSX	EAX,WORD [4084]
   432 0000053B 50                              	PUSH	EAX
   433 0000053C FF B5 FFFFFDF8                  	PUSH	DWORD [-520+EBP]
   434 00000542 E8 [00000000]                   	CALL	_putfonts8_asc
   435 00000547 6A 20                           	PUSH	32
   436 00000549 6A 10                           	PUSH	16
   437 0000054B 6A 10                           	PUSH	16
   438 0000054D 6A 00                           	PUSH	0
   439 0000054F FF B5 FFFFFE04                  	PUSH	DWORD [-508+EBP]
   440 00000555 E8 [00000000]                   	CALL	_sheet_refresh
   441 0000055A 83 C4 2C                        	ADD	ESP,44
   442 0000055D E9 FFFFFDBC                     	JMP	L2
   443 00000562                                 L18:
   444 00000562 E8 [00000000]                   	CALL	_io_stihlt
   445 00000567 E9 FFFFFDB2                     	JMP	L2
