     1 00000000                                 [FORMAT "WCOFF"]
     2 00000000                                 [INSTRSET "i486p"]
     3 00000000                                 [OPTIMIZE 1]
     4 00000000                                 [OPTION 1]
     5 00000000                                 [BITS 32]
     6 00000000                                 	EXTERN	_io_out8
     7 00000000                                 	EXTERN	_io_in8
     8 00000000                                 	EXTERN	_fifo8_put
     9 00000000                                 [FILE "int.c"]
    10                                          [SECTION .text]
    11 00000000                                 	ALIGN	2
    12 00000000                                 	GLOBAL	_init_pic
    13 00000000                                 _init_pic:
    14 00000000 55                              	PUSH	EBP
    15 00000001 89 E5                           	MOV	EBP,ESP
    16 00000003 68 000000FF                     	PUSH	255
    17 00000008 6A 21                           	PUSH	33
    18 0000000A E8 [00000000]                   	CALL	_io_out8
    19 0000000F 68 000000FF                     	PUSH	255
    20 00000014 68 000000A1                     	PUSH	161
    21 00000019 E8 [00000000]                   	CALL	_io_out8
    22 0000001E 6A 11                           	PUSH	17
    23 00000020 6A 20                           	PUSH	32
    24 00000022 E8 [00000000]                   	CALL	_io_out8
    25 00000027 6A 20                           	PUSH	32
    26 00000029 6A 21                           	PUSH	33
    27 0000002B E8 [00000000]                   	CALL	_io_out8
    28 00000030 83 C4 20                        	ADD	ESP,32
    29 00000033 6A 04                           	PUSH	4
    30 00000035 6A 21                           	PUSH	33
    31 00000037 E8 [00000000]                   	CALL	_io_out8
    32 0000003C 6A 01                           	PUSH	1
    33 0000003E 6A 21                           	PUSH	33
    34 00000040 E8 [00000000]                   	CALL	_io_out8
    35 00000045 6A 11                           	PUSH	17
    36 00000047 68 000000A0                     	PUSH	160
    37 0000004C E8 [00000000]                   	CALL	_io_out8
    38 00000051 6A 28                           	PUSH	40
    39 00000053 68 000000A1                     	PUSH	161
    40 00000058 E8 [00000000]                   	CALL	_io_out8
    41 0000005D 83 C4 20                        	ADD	ESP,32
    42 00000060 6A 02                           	PUSH	2
    43 00000062 68 000000A1                     	PUSH	161
    44 00000067 E8 [00000000]                   	CALL	_io_out8
    45 0000006C 6A 01                           	PUSH	1
    46 0000006E 68 000000A1                     	PUSH	161
    47 00000073 E8 [00000000]                   	CALL	_io_out8
    48 00000078 68 000000FB                     	PUSH	251
    49 0000007D 6A 21                           	PUSH	33
    50 0000007F E8 [00000000]                   	CALL	_io_out8
    51 00000084 68 000000FF                     	PUSH	255
    52 00000089 68 000000A1                     	PUSH	161
    53 0000008E E8 [00000000]                   	CALL	_io_out8
    54 00000093 C9                              	LEAVE
    55 00000094 C3                              	RET
    56 00000095 90                              	ALIGN	2
    57 00000096                                 	GLOBAL	_inthandler21
    58 00000096                                 _inthandler21:
    59 00000096 55                              	PUSH	EBP
    60 00000097 89 E5                           	MOV	EBP,ESP
    61 00000099 6A 61                           	PUSH	97
    62 0000009B 6A 20                           	PUSH	32
    63 0000009D E8 [00000000]                   	CALL	_io_out8
    64 000000A2 6A 60                           	PUSH	96
    65 000000A4 E8 [00000000]                   	CALL	_io_in8
    66 000000A9 0F B6 C0                        	MOVZX	EAX,AL
    67 000000AC 50                              	PUSH	EAX
    68 000000AD 68 [00000000]                   	PUSH	_keyfifo
    69 000000B2 E8 [00000000]                   	CALL	_fifo8_put
    70 000000B7 C9                              	LEAVE
    71 000000B8 C3                              	RET
    72 000000B9 90                              	ALIGN	2
    73 000000BA                                 	GLOBAL	_inthandler2c
    74 000000BA                                 _inthandler2c:
    75 000000BA 55                              	PUSH	EBP
    76 000000BB 89 E5                           	MOV	EBP,ESP
    77 000000BD 6A 64                           	PUSH	100
    78 000000BF 68 000000A0                     	PUSH	160
    79 000000C4 E8 [00000000]                   	CALL	_io_out8
    80 000000C9 6A 62                           	PUSH	98
    81 000000CB 6A 20                           	PUSH	32
    82 000000CD E8 [00000000]                   	CALL	_io_out8
    83 000000D2 6A 60                           	PUSH	96
    84 000000D4 E8 [00000000]                   	CALL	_io_in8
    85 000000D9 0F B6 C0                        	MOVZX	EAX,AL
    86 000000DC 50                              	PUSH	EAX
    87 000000DD 68 [00000020]                   	PUSH	_mousefifo
    88 000000E2 E8 [00000000]                   	CALL	_fifo8_put
    89 000000E7 C9                              	LEAVE
    90 000000E8 C3                              	RET
    91 000000E9                                 	GLOBAL	_keyfifo
    92                                          [SECTION .data]
    93 00000000                                 	ALIGNB	16
    94 00000000                                 _keyfifo:
    95 00000000 00 00 00 00 00 00 00 00 00 00   	RESB	24
       0000000A 00 00 00 00 00 00 00 00 00 00 
       00000014 00 00 00 00 
    96 00000018                                 	GLOBAL	_mousefifo
    97                                          [SECTION .data]
    98 00000018 00 00 00 00 00 00 00 00         	ALIGNB	16
    99 00000020                                 _mousefifo:
   100 00000020 00 00 00 00 00 00 00 00 00 00   	RESB	24
       0000002A 00 00 00 00 00 00 00 00 00 00 
       00000034 00 00 00 00 
