     1 00000000                                 [FORMAT "WCOFF"]
     2 00000000                                 [INSTRSET "i486p"]
     3 00000000                                 [OPTIMIZE 1]
     4 00000000                                 [OPTION 1]
     5 00000000                                 [BITS 32]
     6 00000000                                 	EXTERN	_boxfill8
     7 00000000                                 	EXTERN	_putfonts8_asc
     8 00000000                                 	EXTERN	_closebtn.0
     9 00000000                                 [FILE "window.c"]
    10                                          [SECTION .data]
    11 00000000                                 _closebtn.0:
    12 00000000 4F 4F 4F 4F 4F 4F 4F 4F 4F 4F   	DB	"OOOOOOOOOOOOOOO@"
       0000000A 4F 4F 4F 4F 4F 40 
    13 00000010 4F 51 51 51 51 51 51 51 51 51   	DB	"OQQQQQQQQQQQQQ$@"
       0000001A 51 51 51 51 24 40 
    14 00000020 4F 51 51 51 51 51 51 51 51 51   	DB	"OQQQQQQQQQQQQQ$@"
       0000002A 51 51 51 51 24 40 
    15 00000030 4F 51 51 51 40 40 51 51 51 51   	DB	"OQQQ@@QQQQ@@QQ$@"
       0000003A 40 40 51 51 24 40 
    16 00000040 4F 51 51 51 51 40 40 51 51 40   	DB	"OQQQQ@@QQ@@QQQ$@"
       0000004A 40 51 51 51 24 40 
    17 00000050 4F 51 51 51 51 51 40 40 40 40   	DB	"OQQQQQ@@@@QQQQ$@"
       0000005A 51 51 51 51 24 40 
    18 00000060 4F 51 51 51 51 51 51 40 40 51   	DB	"OQQQQQQ@@QQQQQ$@"
       0000006A 51 51 51 51 24 40 
    19 00000070 4F 51 51 51 51 51 40 40 40 40   	DB	"OQQQQQ@@@@QQQQ$@"
       0000007A 51 51 51 51 24 40 
    20 00000080 4F 51 51 51 51 40 40 51 51 40   	DB	"OQQQQ@@QQ@@QQQ$@"
       0000008A 40 51 51 51 24 40 
    21 00000090 4F 51 51 51 40 40 51 51 51 51   	DB	"OQQQ@@QQQQ@@QQ$@"
       0000009A 40 40 51 51 24 40 
    22 000000A0 4F 51 51 51 51 51 51 51 51 51   	DB	"OQQQQQQQQQQQQQ$@"
       000000AA 51 51 51 51 24 40 
    23 000000B0 4F 51 51 51 51 51 51 51 51 51   	DB	"OQQQQQQQQQQQQQ$@"
       000000BA 51 51 51 51 24 40 
    24 000000C0 4F 24 24 24 24 24 24 24 24 24   	DB	"O$$$$$$$$$$$$$$@"
       000000CA 24 24 24 24 24 40 
    25 000000D0 40 40 40 40 40 40 40 40 40 40   	DB	"@@@@@@@@@@@@@@@@"
       000000DA 40 40 40 40 40 40 
    26                                          [SECTION .text]
    27 00000000                                 	ALIGN	2
    28 00000000                                 	GLOBAL	_make_window8
    29 00000000                                 _make_window8:
    30 00000000 55                              	PUSH	EBP
    31 00000001 89 E5                           	MOV	EBP,ESP
    32 00000003 57                              	PUSH	EDI
    33 00000004 56                              	PUSH	ESI
    34 00000005 53                              	PUSH	EBX
    35 00000006 83 EC 14                        	SUB	ESP,20
    36 00000009 8B 5D 0C                        	MOV	EBX,DWORD [12+EBP]
    37 0000000C 6A 00                           	PUSH	0
    38 0000000E 8D 43 FF                        	LEA	EAX,DWORD [-1+EBX]
    39 00000011 8D 7B FE                        	LEA	EDI,DWORD [-2+EBX]
    40 00000014 50                              	PUSH	EAX
    41 00000015 89 45 EC                        	MOV	DWORD [-20+EBP],EAX
    42 00000018 6A 00                           	PUSH	0
    43 0000001A 6A 00                           	PUSH	0
    44 0000001C 6A 08                           	PUSH	8
    45 0000001E 53                              	PUSH	EBX
    46 0000001F FF 75 08                        	PUSH	DWORD [8+EBP]
    47 00000022 E8 [00000000]                   	CALL	_boxfill8
    48 00000027 6A 01                           	PUSH	1
    49 00000029 57                              	PUSH	EDI
    50 0000002A 6A 01                           	PUSH	1
    51 0000002C 6A 01                           	PUSH	1
    52 0000002E 6A 07                           	PUSH	7
    53 00000030 53                              	PUSH	EBX
    54 00000031 FF 75 08                        	PUSH	DWORD [8+EBP]
    55 00000034 E8 [00000000]                   	CALL	_boxfill8
    56 00000039 8B 55 10                        	MOV	EDX,DWORD [16+EBP]
    57 0000003C 83 C4 38                        	ADD	ESP,56
    58 0000003F 4A                              	DEC	EDX
    59 00000040 89 55 E8                        	MOV	DWORD [-24+EBP],EDX
    60 00000043 52                              	PUSH	EDX
    61 00000044 6A 00                           	PUSH	0
    62 00000046 6A 00                           	PUSH	0
    63 00000048 6A 00                           	PUSH	0
    64 0000004A 6A 08                           	PUSH	8
    65 0000004C 53                              	PUSH	EBX
    66 0000004D FF 75 08                        	PUSH	DWORD [8+EBP]
    67 00000050 E8 [00000000]                   	CALL	_boxfill8
    68 00000055 8B 75 10                        	MOV	ESI,DWORD [16+EBP]
    69 00000058 83 EE 02                        	SUB	ESI,2
    70 0000005B 56                              	PUSH	ESI
    71 0000005C 6A 01                           	PUSH	1
    72 0000005E 6A 01                           	PUSH	1
    73 00000060 6A 01                           	PUSH	1
    74 00000062 6A 07                           	PUSH	7
    75 00000064 53                              	PUSH	EBX
    76 00000065 FF 75 08                        	PUSH	DWORD [8+EBP]
    77 00000068 E8 [00000000]                   	CALL	_boxfill8
    78 0000006D 83 C4 38                        	ADD	ESP,56
    79 00000070 56                              	PUSH	ESI
    80 00000071 57                              	PUSH	EDI
    81 00000072 6A 01                           	PUSH	1
    82 00000074 57                              	PUSH	EDI
    83 00000075 6A 0F                           	PUSH	15
    84 00000077 53                              	PUSH	EBX
    85 00000078 FF 75 08                        	PUSH	DWORD [8+EBP]
    86 0000007B E8 [00000000]                   	CALL	_boxfill8
    87 00000080 FF 75 E8                        	PUSH	DWORD [-24+EBP]
    88 00000083 FF 75 EC                        	PUSH	DWORD [-20+EBP]
    89 00000086 6A 00                           	PUSH	0
    90 00000088 FF 75 EC                        	PUSH	DWORD [-20+EBP]
    91 0000008B 6A 00                           	PUSH	0
    92 0000008D 53                              	PUSH	EBX
    93 0000008E FF 75 08                        	PUSH	DWORD [8+EBP]
    94 00000091 E8 [00000000]                   	CALL	_boxfill8
    95 00000096 8B 45 10                        	MOV	EAX,DWORD [16+EBP]
    96 00000099 83 C4 38                        	ADD	ESP,56
    97 0000009C 83 E8 03                        	SUB	EAX,3
    98 0000009F 50                              	PUSH	EAX
    99 000000A0 8D 43 FD                        	LEA	EAX,DWORD [-3+EBX]
   100 000000A3 50                              	PUSH	EAX
   101 000000A4 6A 02                           	PUSH	2
   102 000000A6 6A 02                           	PUSH	2
   103 000000A8 6A 08                           	PUSH	8
   104 000000AA 53                              	PUSH	EBX
   105 000000AB FF 75 08                        	PUSH	DWORD [8+EBP]
   106 000000AE E8 [00000000]                   	CALL	_boxfill8
   107 000000B3 8D 43 FC                        	LEA	EAX,DWORD [-4+EBX]
   108 000000B6 6A 14                           	PUSH	20
   109 000000B8 50                              	PUSH	EAX
   110 000000B9 6A 03                           	PUSH	3
   111 000000BB 6A 03                           	PUSH	3
   112 000000BD 6A 0C                           	PUSH	12
   113 000000BF 53                              	PUSH	EBX
   114 000000C0 FF 75 08                        	PUSH	DWORD [8+EBP]
   115 000000C3 E8 [00000000]                   	CALL	_boxfill8
   116 000000C8 83 C4 38                        	ADD	ESP,56
   117 000000CB 56                              	PUSH	ESI
   118 000000CC 57                              	PUSH	EDI
   119 000000CD 56                              	PUSH	ESI
   120 000000CE 6A 01                           	PUSH	1
   121 000000D0 6A 0F                           	PUSH	15
   122 000000D2 53                              	PUSH	EBX
   123 000000D3 FF 75 08                        	PUSH	DWORD [8+EBP]
   124 000000D6 E8 [00000000]                   	CALL	_boxfill8
   125 000000DB FF 75 E8                        	PUSH	DWORD [-24+EBP]
   126 000000DE FF 75 EC                        	PUSH	DWORD [-20+EBP]
   127 000000E1 FF 75 E8                        	PUSH	DWORD [-24+EBP]
   128 000000E4 6A 00                           	PUSH	0
   129 000000E6 6A 00                           	PUSH	0
   130 000000E8 6B F3 05                        	IMUL	ESI,EBX,5
   131 000000EB 53                              	PUSH	EBX
   132 000000EC FF 75 08                        	PUSH	DWORD [8+EBP]
   133 000000EF E8 [00000000]                   	CALL	_boxfill8
   134 000000F4 83 C4 38                        	ADD	ESP,56
   135 000000F7 FF 75 14                        	PUSH	DWORD [20+EBP]
   136 000000FA 6A 07                           	PUSH	7
   137 000000FC 6A 04                           	PUSH	4
   138 000000FE 6A 18                           	PUSH	24
   139 00000100 53                              	PUSH	EBX
   140 00000101 FF 75 08                        	PUSH	DWORD [8+EBP]
   141 00000104 E8 [00000000]                   	CALL	_putfonts8_asc
   142 00000109 83 C4 18                        	ADD	ESP,24
   143 0000010C C7 45 F0 00000000               	MOV	DWORD [-16+EBP],0
   144 00000113 C7 45 E0 00000000               	MOV	DWORD [-32+EBP],0
   145 0000011A                                 L17:
   146 0000011A 8D 04 1E                        	LEA	EAX,DWORD [ESI+EBX*1]
   147 0000011D 8B 55 08                        	MOV	EDX,DWORD [8+EBP]
   148 00000120 31 FF                           	XOR	EDI,EDI
   149 00000122 8D 4C 02 EB                     	LEA	ECX,DWORD [-21+EDX+EAX*1]
   150 00000126                                 L16:
   151 00000126 8B 45 E0                        	MOV	EAX,DWORD [-32+EBP]
   152 00000129 8A 94 07 [00000000]             	MOV	DL,BYTE [_closebtn.0+EDI+EAX*1]
   153 00000130 80 FA 40                        	CMP	DL,64
   154 00000133 74 33                           	JE	L22
   155 00000135 80 FA 24                        	CMP	DL,36
   156 00000138 74 2A                           	JE	L23
   157 0000013A 80 FA 51                        	CMP	DL,81
   158 0000013D B2 08                           	MOV	DL,8
   159 0000013F 0F 95 C0                        	SETNE	AL
   160 00000142 28 C2                           	SUB	DL,AL
   161 00000144                                 L11:
   162 00000144 47                              	INC	EDI
   163 00000145 88 11                           	MOV	BYTE [ECX],DL
   164 00000147 41                              	INC	ECX
   165 00000148 83 FF 0F                        	CMP	EDI,15
   166 0000014B 7E D9                           	JLE	L16
   167 0000014D FF 45 F0                        	INC	DWORD [-16+EBP]
   168 00000150 01 DE                           	ADD	ESI,EBX
   169 00000152 83 45 E0 10                     	ADD	DWORD [-32+EBP],16
   170 00000156 83 7D F0 0D                     	CMP	DWORD [-16+EBP],13
   171 0000015A 7E BE                           	JLE	L17
   172 0000015C 8D 65 F4                        	LEA	ESP,DWORD [-12+EBP]
   173 0000015F 5B                              	POP	EBX
   174 00000160 5E                              	POP	ESI
   175 00000161 5F                              	POP	EDI
   176 00000162 5D                              	POP	EBP
   177 00000163 C3                              	RET
   178 00000164                                 L23:
   179 00000164 B2 0F                           	MOV	DL,15
   180 00000166 EB DC                           	JMP	L11
   181 00000168                                 L22:
   182 00000168 31 D2                           	XOR	EDX,EDX
   183 0000016A EB D8                           	JMP	L11
