     1 00000000                                 [FORMAT "WCOFF"]
     2 00000000                                 [INSTRSET "i486p"]
     3 00000000                                 [OPTIMIZE 1]
     4 00000000                                 [OPTION 1]
     5 00000000                                 [BITS 32]
     6 00000000                                 	EXTERN	_wait_KBC_sendready
     7 00000000                                 	EXTERN	_io_out8
     8 00000000                                 [FILE "mouse.c"]
     9                                          [SECTION .text]
    10 00000000                                 	ALIGN	2
    11 00000000                                 	GLOBAL	_enable_mouse
    12 00000000                                 _enable_mouse:
    13 00000000 55                              	PUSH	EBP
    14 00000001 89 E5                           	MOV	EBP,ESP
    15 00000003 E8 [00000000]                   	CALL	_wait_KBC_sendready
    16 00000008 68 000000D4                     	PUSH	212
    17 0000000D 6A 64                           	PUSH	100
    18 0000000F E8 [00000000]                   	CALL	_io_out8
    19 00000014 E8 [00000000]                   	CALL	_wait_KBC_sendready
    20 00000019 68 000000F4                     	PUSH	244
    21 0000001E 6A 60                           	PUSH	96
    22 00000020 E8 [00000000]                   	CALL	_io_out8
    23 00000025 8B 45 08                        	MOV	EAX,DWORD [8+EBP]
    24 00000028 C6 40 03 00                     	MOV	BYTE [3+EAX],0
    25 0000002C C9                              	LEAVE
    26 0000002D C3                              	RET
    27 0000002E                                 	ALIGN	2
    28 0000002E                                 	GLOBAL	_mouse_decode
    29 0000002E                                 _mouse_decode:
    30 0000002E 55                              	PUSH	EBP
    31 0000002F 89 E5                           	MOV	EBP,ESP
    32 00000031 56                              	PUSH	ESI
    33 00000032 53                              	PUSH	EBX
    34 00000033 8B 55 08                        	MOV	EDX,DWORD [8+EBP]
    35 00000036 8B 4D 0C                        	MOV	ECX,DWORD [12+EBP]
    36 00000039 89 CE                           	MOV	ESI,ECX
    37 0000003B 8A 42 03                        	MOV	AL,BYTE [3+EDX]
    38 0000003E 84 C0                           	TEST	AL,AL
    39 00000040 75 11                           	JNE	L3
    40 00000042 80 F9 FA                        	CMP	CL,-6
    41 00000045 74 06                           	JE	L12
    42 00000047                                 L11:
    43 00000047 31 C0                           	XOR	EAX,EAX
    44 00000049                                 L2:
    45 00000049 5B                              	POP	EBX
    46 0000004A 5E                              	POP	ESI
    47 0000004B 5D                              	POP	EBP
    48 0000004C C3                              	RET
    49 0000004D                                 L12:
    50 0000004D C6 42 03 01                     	MOV	BYTE [3+EDX],1
    51 00000051 EB F4                           	JMP	L11
    52 00000053                                 L3:
    53 00000053 3C 01                           	CMP	AL,1
    54 00000055 74 61                           	JE	L13
    55 00000057 3C 02                           	CMP	AL,2
    56 00000059 74 54                           	JE	L14
    57 0000005B 3C 03                           	CMP	AL,3
    58 0000005D 74 05                           	JE	L15
    59 0000005F 83 C8 FF                        	OR	EAX,-1
    60 00000062 EB E5                           	JMP	L2
    61 00000064                                 L15:
    62 00000064 8A 1A                           	MOV	BL,BYTE [EDX]
    63 00000066 81 E6 000000FF                  	AND	ESI,255
    64 0000006C 89 D8                           	MOV	EAX,EBX
    65 0000006E 88 4A 02                        	MOV	BYTE [2+EDX],CL
    66 00000071 83 E0 07                        	AND	EAX,7
    67 00000074 89 72 08                        	MOV	DWORD [8+EDX],ESI
    68 00000077 89 42 0C                        	MOV	DWORD [12+EDX],EAX
    69 0000007A 88 D8                           	MOV	AL,BL
    70 0000007C 0F B6 4A 01                     	MOVZX	ECX,BYTE [1+EDX]
    71 00000080 83 E0 10                        	AND	EAX,16
    72 00000083 89 4A 04                        	MOV	DWORD [4+EDX],ECX
    73 00000086 C6 42 03 01                     	MOV	BYTE [3+EDX],1
    74 0000008A 84 C0                           	TEST	AL,AL
    75 0000008C 74 09                           	JE	L9
    76 0000008E 81 C9 FFFFFF00                  	OR	ECX,-256
    77 00000094 89 4A 04                        	MOV	DWORD [4+EDX],ECX
    78 00000097                                 L9:
    79 00000097 83 E3 20                        	AND	EBX,32
    80 0000009A 84 DB                           	TEST	BL,BL
    81 0000009C 74 07                           	JE	L10
    82 0000009E 81 4A 08 FFFFFF00               	OR	DWORD [8+EDX],-256
    83 000000A5                                 L10:
    84 000000A5 F7 5A 08                        	NEG	DWORD [8+EDX]
    85 000000A8 B8 00000001                     	MOV	EAX,1
    86 000000AD EB 9A                           	JMP	L2
    87 000000AF                                 L14:
    88 000000AF 88 4A 01                        	MOV	BYTE [1+EDX],CL
    89 000000B2 C6 42 03 03                     	MOV	BYTE [3+EDX],3
    90 000000B6 EB 8F                           	JMP	L11
    91 000000B8                                 L13:
    92 000000B8 83 E6 C8                        	AND	ESI,-56
    93 000000BB 89 F0                           	MOV	EAX,ESI
    94 000000BD 3C 08                           	CMP	AL,8
    95 000000BF 75 86                           	JNE	L11
    96 000000C1 88 0A                           	MOV	BYTE [EDX],CL
    97 000000C3 C6 42 03 02                     	MOV	BYTE [3+EDX],2
    98 000000C7 E9 FFFFFF7B                     	JMP	L11
