     1 00000000                                 [FORMAT "WCOFF"]
     2 00000000                                 [INSTRSET "i486p"]
     3 00000000                                 [OPTIMIZE 1]
     4 00000000                                 [OPTION 1]
     5 00000000                                 [BITS 32]
     6 00000000                                 	EXTERN	_memman_alloc_4k
     7 00000000                                 [FILE "sheet.c"]
     8                                          [SECTION .text]
     9 00000000                                 	ALIGN	2
    10 00000000                                 	GLOBAL	_shtctl_init
    11 00000000                                 _shtctl_init:
    12 00000000 55                              	PUSH	EBP
    13 00000001 89 E5                           	MOV	EBP,ESP
    14 00000003 68 00002410                     	PUSH	9232
    15 00000008 FF 75 08                        	PUSH	DWORD [8+EBP]
    16 0000000B E8 [00000000]                   	CALL	_memman_alloc_4k
    17 00000010 89 C2                           	MOV	EDX,EAX
    18 00000012 58                              	POP	EAX
    19 00000013 59                              	POP	ECX
    20 00000014 85 D2                           	TEST	EDX,EDX
    21 00000016 74 2F                           	JE	L3
    22 00000018 8B 45 0C                        	MOV	EAX,DWORD [12+EBP]
    23 0000001B B9 000000FF                     	MOV	ECX,255
    24 00000020 89 02                           	MOV	DWORD [EDX],EAX
    25 00000022 8B 45 10                        	MOV	EAX,DWORD [16+EBP]
    26 00000025 89 42 04                        	MOV	DWORD [4+EDX],EAX
    27 00000028 8B 45 14                        	MOV	EAX,DWORD [20+EBP]
    28 0000002B 89 42 08                        	MOV	DWORD [8+EDX],EAX
    29 0000002E 8D 82 0000042C                  	LEA	EAX,DWORD [1068+EDX]
    30 00000034 C7 42 0C FFFFFFFF               	MOV	DWORD [12+EDX],-1
    31 0000003B                                 L8:
    32 0000003B C7 00 00000000                  	MOV	DWORD [EAX],0
    33 00000041 83 C0 20                        	ADD	EAX,32
    34 00000044 49                              	DEC	ECX
    35 00000045 79 F4                           	JNS	L8
    36 00000047                                 L3:
    37 00000047 89 D0                           	MOV	EAX,EDX
    38 00000049 C9                              	LEAVE
    39 0000004A C3                              	RET
    40 0000004B 90                              	ALIGN	2
    41 0000004C                                 	GLOBAL	_sheet_alloc
    42 0000004C                                 _sheet_alloc:
    43 0000004C 55                              	PUSH	EBP
    44 0000004D 31 D2                           	XOR	EDX,EDX
    45 0000004F 89 E5                           	MOV	EBP,ESP
    46 00000051 8B 45 08                        	MOV	EAX,DWORD [8+EBP]
    47 00000054 05 00000410                     	ADD	EAX,1040
    48 00000059                                 L16:
    49 00000059 83 78 1C 00                     	CMP	DWORD [28+EAX],0
    50 0000005D 74 10                           	JE	L19
    51 0000005F 42                              	INC	EDX
    52 00000060 83 C0 20                        	ADD	EAX,32
    53 00000063 81 FA 000000FF                  	CMP	EDX,255
    54 00000069 7E EE                           	JLE	L16
    55 0000006B 31 C0                           	XOR	EAX,EAX
    56 0000006D                                 L10:
    57 0000006D 5D                              	POP	EBP
    58 0000006E C3                              	RET
    59 0000006F                                 L19:
    60 0000006F C7 40 1C 00000001               	MOV	DWORD [28+EAX],1
    61 00000076 C7 40 18 FFFFFFFF               	MOV	DWORD [24+EAX],-1
    62 0000007D EB EE                           	JMP	L10
    63 0000007F 90                              	ALIGN	2
    64 00000080                                 	GLOBAL	_sheet_setbuf
    65 00000080                                 _sheet_setbuf:
    66 00000080 55                              	PUSH	EBP
    67 00000081 89 E5                           	MOV	EBP,ESP
    68 00000083 8B 55 08                        	MOV	EDX,DWORD [8+EBP]
    69 00000086 8B 45 0C                        	MOV	EAX,DWORD [12+EBP]
    70 00000089 89 02                           	MOV	DWORD [EDX],EAX
    71 0000008B 8B 45 10                        	MOV	EAX,DWORD [16+EBP]
    72 0000008E 89 42 04                        	MOV	DWORD [4+EDX],EAX
    73 00000091 8B 45 14                        	MOV	EAX,DWORD [20+EBP]
    74 00000094 89 42 08                        	MOV	DWORD [8+EDX],EAX
    75 00000097 8B 45 18                        	MOV	EAX,DWORD [24+EBP]
    76 0000009A 89 42 14                        	MOV	DWORD [20+EDX],EAX
    77 0000009D 5D                              	POP	EBP
    78 0000009E C3                              	RET
    79 0000009F 90                              	ALIGN	2
    80 000000A0                                 	GLOBAL	_sheet_updown
    81 000000A0                                 _sheet_updown:
    82 000000A0 55                              	PUSH	EBP
    83 000000A1 89 E5                           	MOV	EBP,ESP
    84 000000A3 57                              	PUSH	EDI
    85 000000A4 56                              	PUSH	ESI
    86 000000A5 8B 75 08                        	MOV	ESI,DWORD [8+EBP]
    87 000000A8 53                              	PUSH	EBX
    88 000000A9 8B 7D 0C                        	MOV	EDI,DWORD [12+EBP]
    89 000000AC 8B 5D 10                        	MOV	EBX,DWORD [16+EBP]
    90 000000AF 8B 56 0C                        	MOV	EDX,DWORD [12+ESI]
    91 000000B2 42                              	INC	EDX
    92 000000B3 8B 47 18                        	MOV	EAX,DWORD [24+EDI]
    93 000000B6 39 D3                           	CMP	EBX,EDX
    94 000000B8 7E 02                           	JLE	L22
    95 000000BA 89 D3                           	MOV	EBX,EDX
    96 000000BC                                 L22:
    97 000000BC 83 FB FF                        	CMP	EBX,-1
    98 000000BF 7D 03                           	JGE	L23
    99 000000C1 83 CB FF                        	OR	EBX,-1
   100 000000C4                                 L23:
   101 000000C4 89 5F 18                        	MOV	DWORD [24+EDI],EBX
   102 000000C7 39 D8                           	CMP	EAX,EBX
   103 000000C9 7E 62                           	JLE	L24
   104 000000CB 85 DB                           	TEST	EBX,EBX
   105 000000CD 78 3B                           	JS	L25
   106 000000CF 89 C1                           	MOV	ECX,EAX
   107 000000D1                                 L30:
   108 000000D1 8B 44 8E 0C                     	MOV	EAX,DWORD [12+ESI+ECX*4]
   109 000000D5 89 44 8E 10                     	MOV	DWORD [16+ESI+ECX*4],EAX
   110 000000D9 89 48 18                        	MOV	DWORD [24+EAX],ECX
   111 000000DC 49                              	DEC	ECX
   112 000000DD 39 D9                           	CMP	ECX,EBX
   113 000000DF 7F F0                           	JG	L30
   114 000000E1                                 L56:
   115 000000E1 89 7C 9E 10                     	MOV	DWORD [16+ESI+EBX*4],EDI
   116 000000E5                                 L46:
   117 000000E5 8B 4F 10                        	MOV	ECX,DWORD [16+EDI]
   118 000000E8 89 C8                           	MOV	EAX,ECX
   119 000000EA 03 47 08                        	ADD	EAX,DWORD [8+EDI]
   120 000000ED 50                              	PUSH	EAX
   121 000000EE 8B 57 0C                        	MOV	EDX,DWORD [12+EDI]
   122 000000F1 89 D0                           	MOV	EAX,EDX
   123 000000F3 03 47 04                        	ADD	EAX,DWORD [4+EDI]
   124 000000F6 50                              	PUSH	EAX
   125 000000F7 51                              	PUSH	ECX
   126 000000F8 52                              	PUSH	EDX
   127 000000F9 56                              	PUSH	ESI
   128 000000FA E8 00000143                     	CALL	_sheet_refreshsub
   129 000000FF 83 C4 14                        	ADD	ESP,20
   130 00000102                                 L21:
   131 00000102 8D 65 F4                        	LEA	ESP,DWORD [-12+EBP]
   132 00000105 5B                              	POP	EBX
   133 00000106 5E                              	POP	ESI
   134 00000107 5F                              	POP	EDI
   135 00000108 5D                              	POP	EBP
   136 00000109 C3                              	RET
   137 0000010A                                 L25:
   138 0000010A 8B 56 0C                        	MOV	EDX,DWORD [12+ESI]
   139 0000010D 39 C2                           	CMP	EDX,EAX
   140 0000010F 7E 17                           	JLE	L32
   141 00000111 89 C1                           	MOV	ECX,EAX
   142 00000113 39 D0                           	CMP	EAX,EDX
   143 00000115 7D 11                           	JGE	L32
   144 00000117                                 L37:
   145 00000117 8B 44 8E 14                     	MOV	EAX,DWORD [20+ESI+ECX*4]
   146 0000011B 89 44 8E 10                     	MOV	DWORD [16+ESI+ECX*4],EAX
   147 0000011F 89 48 18                        	MOV	DWORD [24+EAX],ECX
   148 00000122 41                              	INC	ECX
   149 00000123 3B 4E 0C                        	CMP	ECX,DWORD [12+ESI]
   150 00000126 7C EF                           	JL	L37
   151 00000128                                 L32:
   152 00000128 FF 4E 0C                        	DEC	DWORD [12+ESI]
   153 0000012B EB B8                           	JMP	L46
   154 0000012D                                 L24:
   155 0000012D 39 D8                           	CMP	EAX,EBX
   156 0000012F 7D D1                           	JGE	L21
   157 00000131 85 C0                           	TEST	EAX,EAX
   158 00000133 78 18                           	JS	L40
   159 00000135 89 C1                           	MOV	ECX,EAX
   160 00000137 39 D8                           	CMP	EAX,EBX
   161 00000139 7D A6                           	JGE	L56
   162 0000013B                                 L45:
   163 0000013B 8B 44 8E 14                     	MOV	EAX,DWORD [20+ESI+ECX*4]
   164 0000013F 89 44 8E 10                     	MOV	DWORD [16+ESI+ECX*4],EAX
   165 00000143 89 48 18                        	MOV	DWORD [24+EAX],ECX
   166 00000146 41                              	INC	ECX
   167 00000147 39 D9                           	CMP	ECX,EBX
   168 00000149 7C F0                           	JL	L45
   169 0000014B EB 94                           	JMP	L56
   170 0000014D                                 L40:
   171 0000014D 8B 4E 0C                        	MOV	ECX,DWORD [12+ESI]
   172 00000150 39 D9                           	CMP	ECX,EBX
   173 00000152 7C 13                           	JL	L58
   174 00000154                                 L51:
   175 00000154 8B 54 8E 10                     	MOV	EDX,DWORD [16+ESI+ECX*4]
   176 00000158 8D 41 01                        	LEA	EAX,DWORD [1+ECX]
   177 0000015B 89 54 8E 14                     	MOV	DWORD [20+ESI+ECX*4],EDX
   178 0000015F 49                              	DEC	ECX
   179 00000160 89 42 18                        	MOV	DWORD [24+EDX],EAX
   180 00000163 39 D9                           	CMP	ECX,EBX
   181 00000165 7D ED                           	JGE	L51
   182 00000167                                 L58:
   183 00000167 89 7C 9E 10                     	MOV	DWORD [16+ESI+EBX*4],EDI
   184 0000016B FF 46 0C                        	INC	DWORD [12+ESI]
   185 0000016E E9 FFFFFF72                     	JMP	L46
   186 00000173 90                              	ALIGN	2
   187 00000174                                 	GLOBAL	_sheet_refresh
   188 00000174                                 _sheet_refresh:
   189 00000174 55                              	PUSH	EBP
   190 00000175 89 E5                           	MOV	EBP,ESP
   191 00000177 57                              	PUSH	EDI
   192 00000178 56                              	PUSH	ESI
   193 00000179 53                              	PUSH	EBX
   194 0000017A 57                              	PUSH	EDI
   195 0000017B 8B 55 0C                        	MOV	EDX,DWORD [12+EBP]
   196 0000017E 8B 45 08                        	MOV	EAX,DWORD [8+EBP]
   197 00000181 89 45 F0                        	MOV	DWORD [-16+EBP],EAX
   198 00000184 8B 7D 10                        	MOV	EDI,DWORD [16+EBP]
   199 00000187 8B 75 14                        	MOV	ESI,DWORD [20+EBP]
   200 0000018A 8B 5D 18                        	MOV	EBX,DWORD [24+EBP]
   201 0000018D 8B 45 1C                        	MOV	EAX,DWORD [28+EBP]
   202 00000190 83 7A 18 00                     	CMP	DWORD [24+EDX],0
   203 00000194 78 26                           	JS	L59
   204 00000196 8B 4A 10                        	MOV	ECX,DWORD [16+EDX]
   205 00000199 8B 52 0C                        	MOV	EDX,DWORD [12+EDX]
   206 0000019C 8D 04 08                        	LEA	EAX,DWORD [EAX+ECX*1]
   207 0000019F 01 F1                           	ADD	ECX,ESI
   208 000001A1 89 45 18                        	MOV	DWORD [24+EBP],EAX
   209 000001A4 89 4D 10                        	MOV	DWORD [16+EBP],ECX
   210 000001A7 8D 04 13                        	LEA	EAX,DWORD [EBX+EDX*1]
   211 000001AA 01 FA                           	ADD	EDX,EDI
   212 000001AC 89 45 14                        	MOV	DWORD [20+EBP],EAX
   213 000001AF 89 55 0C                        	MOV	DWORD [12+EBP],EDX
   214 000001B2 5E                              	POP	ESI
   215 000001B3 5B                              	POP	EBX
   216 000001B4 5E                              	POP	ESI
   217 000001B5 5F                              	POP	EDI
   218 000001B6 5D                              	POP	EBP
   219 000001B7 E9 00000086                     	JMP	_sheet_refreshsub
   220 000001BC                                 L59:
   221 000001BC 5B                              	POP	EBX
   222 000001BD 5B                              	POP	EBX
   223 000001BE 5E                              	POP	ESI
   224 000001BF 5F                              	POP	EDI
   225 000001C0 5D                              	POP	EBP
   226 000001C1 C3                              	RET
   227 000001C2                                 	ALIGN	2
   228 000001C2                                 	GLOBAL	_sheet_slide
   229 000001C2                                 _sheet_slide:
   230 000001C2 55                              	PUSH	EBP
   231 000001C3 89 E5                           	MOV	EBP,ESP
   232 000001C5 57                              	PUSH	EDI
   233 000001C6 56                              	PUSH	ESI
   234 000001C7 53                              	PUSH	EBX
   235 000001C8 8B 7D 10                        	MOV	EDI,DWORD [16+EBP]
   236 000001CB 8B 5D 0C                        	MOV	EBX,DWORD [12+EBP]
   237 000001CE 8B 75 14                        	MOV	ESI,DWORD [20+EBP]
   238 000001D1 8B 4B 0C                        	MOV	ECX,DWORD [12+EBX]
   239 000001D4 8B 53 10                        	MOV	EDX,DWORD [16+EBX]
   240 000001D7 89 7B 0C                        	MOV	DWORD [12+EBX],EDI
   241 000001DA 89 73 10                        	MOV	DWORD [16+EBX],ESI
   242 000001DD 83 7B 18 00                     	CMP	DWORD [24+EBX],0
   243 000001E1 78 2F                           	JS	L61
   244 000001E3 89 D0                           	MOV	EAX,EDX
   245 000001E5 03 43 08                        	ADD	EAX,DWORD [8+EBX]
   246 000001E8 50                              	PUSH	EAX
   247 000001E9 89 C8                           	MOV	EAX,ECX
   248 000001EB 03 43 04                        	ADD	EAX,DWORD [4+EBX]
   249 000001EE 50                              	PUSH	EAX
   250 000001EF 52                              	PUSH	EDX
   251 000001F0 51                              	PUSH	ECX
   252 000001F1 FF 75 08                        	PUSH	DWORD [8+EBP]
   253 000001F4 E8 00000049                     	CALL	_sheet_refreshsub
   254 000001F9 89 F0                           	MOV	EAX,ESI
   255 000001FB 03 43 08                        	ADD	EAX,DWORD [8+EBX]
   256 000001FE 50                              	PUSH	EAX
   257 000001FF 89 F8                           	MOV	EAX,EDI
   258 00000201 03 43 04                        	ADD	EAX,DWORD [4+EBX]
   259 00000204 50                              	PUSH	EAX
   260 00000205 56                              	PUSH	ESI
   261 00000206 57                              	PUSH	EDI
   262 00000207 FF 75 08                        	PUSH	DWORD [8+EBP]
   263 0000020A E8 00000033                     	CALL	_sheet_refreshsub
   264 0000020F 83 C4 28                        	ADD	ESP,40
   265 00000212                                 L61:
   266 00000212 8D 65 F4                        	LEA	ESP,DWORD [-12+EBP]
   267 00000215 5B                              	POP	EBX
   268 00000216 5E                              	POP	ESI
   269 00000217 5F                              	POP	EDI
   270 00000218 5D                              	POP	EBP
   271 00000219 C3                              	RET
   272 0000021A                                 	ALIGN	2
   273 0000021A                                 	GLOBAL	_sheet_free
   274 0000021A                                 _sheet_free:
   275 0000021A 55                              	PUSH	EBP
   276 0000021B 89 E5                           	MOV	EBP,ESP
   277 0000021D 53                              	PUSH	EBX
   278 0000021E 8B 5D 0C                        	MOV	EBX,DWORD [12+EBP]
   279 00000221 83 7B 18 00                     	CMP	DWORD [24+EBX],0
   280 00000225 78 0E                           	JS	L64
   281 00000227 6A FF                           	PUSH	-1
   282 00000229 53                              	PUSH	EBX
   283 0000022A FF 75 08                        	PUSH	DWORD [8+EBP]
   284 0000022D E8 FFFFFE6E                     	CALL	_sheet_updown
   285 00000232 83 C4 0C                        	ADD	ESP,12
   286 00000235                                 L64:
   287 00000235 C7 43 1C 00000000               	MOV	DWORD [28+EBX],0
   288 0000023C 8B 5D FC                        	MOV	EBX,DWORD [-4+EBP]
   289 0000023F C9                              	LEAVE
   290 00000240 C3                              	RET
   291 00000241 90                              	ALIGN	2
   292 00000242                                 	GLOBAL	_sheet_refreshsub
   293 00000242                                 _sheet_refreshsub:
   294 00000242 55                              	PUSH	EBP
   295 00000243 31 D2                           	XOR	EDX,EDX
   296 00000245 89 E5                           	MOV	EBP,ESP
   297 00000247 57                              	PUSH	EDI
   298 00000248 56                              	PUSH	ESI
   299 00000249 53                              	PUSH	EBX
   300 0000024A 83 EC 28                        	SUB	ESP,40
   301 0000024D 8B 45 08                        	MOV	EAX,DWORD [8+EBP]
   302 00000250 8B 75 08                        	MOV	ESI,DWORD [8+EBP]
   303 00000253 C7 45 F0 00000000               	MOV	DWORD [-16+EBP],0
   304 0000025A 8B 00                           	MOV	EAX,DWORD [EAX]
   305 0000025C 3B 56 0C                        	CMP	EDX,DWORD [12+ESI]
   306 0000025F 89 45 D8                        	MOV	DWORD [-40+EBP],EAX
   307 00000262 0F 8F 000000C6                  	JG	L87
   308 00000268                                 L85:
   309 00000268 8B 7D F0                        	MOV	EDI,DWORD [-16+EBP]
   310 0000026B 8B 45 08                        	MOV	EAX,DWORD [8+EBP]
   311 0000026E 8B 5D 10                        	MOV	EBX,DWORD [16+EBP]
   312 00000271 8B 75 14                        	MOV	ESI,DWORD [20+EBP]
   313 00000274 8B 4C B8 10                     	MOV	ECX,DWORD [16+EAX+EDI*4]
   314 00000278 8B 7D 18                        	MOV	EDI,DWORD [24+EBP]
   315 0000027B 8B 11                           	MOV	EDX,DWORD [ECX]
   316 0000027D 8B 41 0C                        	MOV	EAX,DWORD [12+ECX]
   317 00000280 89 55 E0                        	MOV	DWORD [-32+EBP],EDX
   318 00000283 29 C6                           	SUB	ESI,EAX
   319 00000285 8B 51 10                        	MOV	EDX,DWORD [16+ECX]
   320 00000288 89 75 CC                        	MOV	DWORD [-52+EBP],ESI
   321 0000028B 29 D7                           	SUB	EDI,EDX
   322 0000028D 29 D3                           	SUB	EBX,EDX
   323 0000028F 8B 55 0C                        	MOV	EDX,DWORD [12+EBP]
   324 00000292 89 7D D4                        	MOV	DWORD [-44+EBP],EDI
   325 00000295 29 C2                           	SUB	EDX,EAX
   326 00000297 89 55 E4                        	MOV	DWORD [-28+EBP],EDX
   327 0000029A 0F 88 0000009D                  	JS	L92
   328 000002A0                                 L70:
   329 000002A0 85 DB                           	TEST	EBX,EBX
   330 000002A2 0F 88 0000008E                  	JS	L93
   331 000002A8                                 L71:
   332 000002A8 8B 41 04                        	MOV	EAX,DWORD [4+ECX]
   333 000002AB 39 45 CC                        	CMP	DWORD [-52+EBP],EAX
   334 000002AE 7E 03                           	JLE	L72
   335 000002B0 89 45 CC                        	MOV	DWORD [-52+EBP],EAX
   336 000002B3                                 L72:
   337 000002B3 8B 41 08                        	MOV	EAX,DWORD [8+ECX]
   338 000002B6 39 45 D4                        	CMP	DWORD [-44+EBP],EAX
   339 000002B9 7E 03                           	JLE	L73
   340 000002BB 89 45 D4                        	MOV	DWORD [-44+EBP],EAX
   341 000002BE                                 L73:
   342 000002BE 3B 5D D4                        	CMP	EBX,DWORD [-44+EBP]
   343 000002C1 7D 59                           	JGE	L89
   344 000002C3                                 L84:
   345 000002C3 8B 71 10                        	MOV	ESI,DWORD [16+ECX]
   346 000002C6 8B 55 E4                        	MOV	EDX,DWORD [-28+EBP]
   347 000002C9 01 DE                           	ADD	ESI,EBX
   348 000002CB 3B 55 CC                        	CMP	EDX,DWORD [-52+EBP]
   349 000002CE 89 75 E8                        	MOV	DWORD [-24+EBP],ESI
   350 000002D1 7D 43                           	JGE	L91
   351 000002D3                                 L83:
   352 000002D3 89 D8                           	MOV	EAX,EBX
   353 000002D5 8B 79 0C                        	MOV	EDI,DWORD [12+ECX]
   354 000002D8 0F AF 41 04                     	IMUL	EAX,DWORD [4+ECX]
   355 000002DC 01 D7                           	ADD	EDI,EDX
   356 000002DE 8B 75 E0                        	MOV	ESI,DWORD [-32+EBP]
   357 000002E1 01 D0                           	ADD	EAX,EDX
   358 000002E3 89 7D EC                        	MOV	DWORD [-20+EBP],EDI
   359 000002E6 8A 04 30                        	MOV	AL,BYTE [EAX+ESI*1]
   360 000002E9 88 45 DF                        	MOV	BYTE [-33+EBP],AL
   361 000002EC 0F B6 C0                        	MOVZX	EAX,AL
   362 000002EF 3B 41 14                        	CMP	EAX,DWORD [20+ECX]
   363 000002F2 74 1C                           	JE	L80
   364 000002F4 8B 7D 08                        	MOV	EDI,DWORD [8+EBP]
   365 000002F7 8B 45 E8                        	MOV	EAX,DWORD [-24+EBP]
   366 000002FA 8B 75 D8                        	MOV	ESI,DWORD [-40+EBP]
   367 000002FD 0F AF 47 04                     	IMUL	EAX,DWORD [4+EDI]
   368 00000301 03 45 EC                        	ADD	EAX,DWORD [-20+EBP]
   369 00000304 89 45 D0                        	MOV	DWORD [-48+EBP],EAX
   370 00000307 8A 45 DF                        	MOV	AL,BYTE [-33+EBP]
   371 0000030A 8B 7D D0                        	MOV	EDI,DWORD [-48+EBP]
   372 0000030D 88 04 37                        	MOV	BYTE [EDI+ESI*1],AL
   373 00000310                                 L80:
   374 00000310 42                              	INC	EDX
   375 00000311 3B 55 CC                        	CMP	EDX,DWORD [-52+EBP]
   376 00000314 7C BD                           	JL	L83
   377 00000316                                 L91:
   378 00000316 43                              	INC	EBX
   379 00000317 3B 5D D4                        	CMP	EBX,DWORD [-44+EBP]
   380 0000031A 7C A7                           	JL	L84
   381 0000031C                                 L89:
   382 0000031C 8B 55 08                        	MOV	EDX,DWORD [8+EBP]
   383 0000031F FF 45 F0                        	INC	DWORD [-16+EBP]
   384 00000322 8B 45 F0                        	MOV	EAX,DWORD [-16+EBP]
   385 00000325 3B 42 0C                        	CMP	EAX,DWORD [12+EDX]
   386 00000328 0F 8E FFFFFF3A                  	JLE	L85
   387 0000032E                                 L87:
   388 0000032E 83 C4 28                        	ADD	ESP,40
   389 00000331 5B                              	POP	EBX
   390 00000332 5E                              	POP	ESI
   391 00000333 5F                              	POP	EDI
   392 00000334 5D                              	POP	EBP
   393 00000335 C3                              	RET
   394 00000336                                 L93:
   395 00000336 31 DB                           	XOR	EBX,EBX
   396 00000338 E9 FFFFFF6B                     	JMP	L71
   397 0000033D                                 L92:
   398 0000033D C7 45 E4 00000000               	MOV	DWORD [-28+EBP],0
   399 00000344 E9 FFFFFF57                     	JMP	L70
