     1 00000000                                 [FORMAT "WCOFF"]
     2 00000000                                 [INSTRSET "i486p"]
     3 00000000                                 [OPTIMIZE 1]
     4 00000000                                 [OPTION 1]
     5 00000000                                 [BITS 32]
     6 00000000                                 	EXTERN	_load_gdtr
     7 00000000                                 	EXTERN	_load_idtr
     8 00000000                                 	EXTERN	_hankaku
     9 00000000                                 	EXTERN	_sprintf
    10 00000000                                 	EXTERN	_io_hlt
    11 00000000                                 	EXTERN	_io_load_eflags
    12 00000000                                 	EXTERN	_io_cli
    13 00000000                                 	EXTERN	_io_out8
    14 00000000                                 	EXTERN	_io_store_eflags
    15 00000000                                 [FILE "bootpack.c"]
    16                                          [SECTION .text]
    17 00000000                                 	ALIGN	2
    18 00000000                                 	GLOBAL	_init_gdtidt
    19 00000000                                 _init_gdtidt:
    20 00000000 55                              	PUSH	EBP
    21 00000001 89 E5                           	MOV	EBP,ESP
    22 00000003 56                              	PUSH	ESI
    23 00000004 53                              	PUSH	EBX
    24 00000005 BE 00270000                     	MOV	ESI,2555904
    25 0000000A BB 00001FFF                     	MOV	EBX,8191
    26 0000000F                                 L6:
    27 0000000F 68 00004092                     	PUSH	16530
    28 00000014 6A 00                           	PUSH	0
    29 00000016 6A FF                           	PUSH	-1
    30 00000018 56                              	PUSH	ESI
    31 00000019 83 C6 08                        	ADD	ESI,8
    32 0000001C E8 0000007B                     	CALL	_set_segmdesc
    33 00000021 83 C4 10                        	ADD	ESP,16
    34 00000024 4B                              	DEC	EBX
    35 00000025 79 E8                           	JNS	L6
    36 00000027 68 00004092                     	PUSH	16530
    37 0000002C BE 0026F800                     	MOV	ESI,2553856
    38 00000031 6A 00                           	PUSH	0
    39 00000033 BB 000000FF                     	MOV	EBX,255
    40 00000038 6A FF                           	PUSH	-1
    41 0000003A 68 00270008                     	PUSH	2555912
    42 0000003F E8 00000058                     	CALL	_set_segmdesc
    43 00000044 68 0000409A                     	PUSH	16538
    44 00000049 68 00280000                     	PUSH	2621440
    45 0000004E 68 0007FFFF                     	PUSH	524287
    46 00000053 68 00270010                     	PUSH	2555920
    47 00000058 E8 0000003F                     	CALL	_set_segmdesc
    48 0000005D 83 C4 20                        	ADD	ESP,32
    49 00000060 68 00270000                     	PUSH	2555904
    50 00000065 68 0000FFFF                     	PUSH	65535
    51 0000006A E8 [00000000]                   	CALL	_load_gdtr
    52 0000006F 58                              	POP	EAX
    53 00000070 5A                              	POP	EDX
    54 00000071                                 L11:
    55 00000071 6A 00                           	PUSH	0
    56 00000073 6A 00                           	PUSH	0
    57 00000075 6A 00                           	PUSH	0
    58 00000077 56                              	PUSH	ESI
    59 00000078 83 C6 08                        	ADD	ESI,8
    60 0000007B E8 00000066                     	CALL	_set_gatedesc
    61 00000080 83 C4 10                        	ADD	ESP,16
    62 00000083 4B                              	DEC	EBX
    63 00000084 79 EB                           	JNS	L11
    64 00000086 68 0026F800                     	PUSH	2553856
    65 0000008B 68 000007FF                     	PUSH	2047
    66 00000090 E8 [00000000]                   	CALL	_load_idtr
    67 00000095 8D 65 F8                        	LEA	ESP,DWORD [-8+EBP]
    68 00000098 5B                              	POP	EBX
    69 00000099 5E                              	POP	ESI
    70 0000009A 5D                              	POP	EBP
    71 0000009B C3                              	RET
    72 0000009C                                 	ALIGN	2
    73 0000009C                                 	GLOBAL	_set_segmdesc
    74 0000009C                                 _set_segmdesc:
    75 0000009C 55                              	PUSH	EBP
    76 0000009D 89 E5                           	MOV	EBP,ESP
    77 0000009F 53                              	PUSH	EBX
    78 000000A0 8B 55 0C                        	MOV	EDX,DWORD [12+EBP]
    79 000000A3 8B 4D 10                        	MOV	ECX,DWORD [16+EBP]
    80 000000A6 8B 5D 08                        	MOV	EBX,DWORD [8+EBP]
    81 000000A9 8B 45 14                        	MOV	EAX,DWORD [20+EBP]
    82 000000AC 81 FA 000FFFFF                  	CMP	EDX,1048575
    83 000000B2 76 08                           	JBE	L17
    84 000000B4 C1 EA 0C                        	SHR	EDX,12
    85 000000B7 0D 00008000                     	OR	EAX,32768
    86 000000BC                                 L17:
    87 000000BC 66 89 13                        	MOV	WORD [EBX],DX
    88 000000BF 88 43 05                        	MOV	BYTE [5+EBX],AL
    89 000000C2 C1 EA 10                        	SHR	EDX,16
    90 000000C5 C1 F8 08                        	SAR	EAX,8
    91 000000C8 83 E2 0F                        	AND	EDX,15
    92 000000CB 66 89 4B 02                     	MOV	WORD [2+EBX],CX
    93 000000CF 83 E0 F0                        	AND	EAX,-16
    94 000000D2 C1 F9 10                        	SAR	ECX,16
    95 000000D5 09 C2                           	OR	EDX,EAX
    96 000000D7 88 4B 04                        	MOV	BYTE [4+EBX],CL
    97 000000DA 88 53 06                        	MOV	BYTE [6+EBX],DL
    98 000000DD C1 F9 08                        	SAR	ECX,8
    99 000000E0 88 4B 07                        	MOV	BYTE [7+EBX],CL
   100 000000E3 5B                              	POP	EBX
   101 000000E4 5D                              	POP	EBP
   102 000000E5 C3                              	RET
   103 000000E6                                 	ALIGN	2
   104 000000E6                                 	GLOBAL	_set_gatedesc
   105 000000E6                                 _set_gatedesc:
   106 000000E6 55                              	PUSH	EBP
   107 000000E7 89 E5                           	MOV	EBP,ESP
   108 000000E9 53                              	PUSH	EBX
   109 000000EA 8B 55 08                        	MOV	EDX,DWORD [8+EBP]
   110 000000ED 8B 45 10                        	MOV	EAX,DWORD [16+EBP]
   111 000000F0 8B 5D 14                        	MOV	EBX,DWORD [20+EBP]
   112 000000F3 8B 4D 0C                        	MOV	ECX,DWORD [12+EBP]
   113 000000F6 66 89 42 02                     	MOV	WORD [2+EDX],AX
   114 000000FA 88 5A 05                        	MOV	BYTE [5+EDX],BL
   115 000000FD 66 89 0A                        	MOV	WORD [EDX],CX
   116 00000100 89 D8                           	MOV	EAX,EBX
   117 00000102 C1 F8 08                        	SAR	EAX,8
   118 00000105 C1 F9 10                        	SAR	ECX,16
   119 00000108 88 42 04                        	MOV	BYTE [4+EDX],AL
   120 0000010B 66 89 4A 06                     	MOV	WORD [6+EDX],CX
   121 0000010F 5B                              	POP	EBX
   122 00000110 5D                              	POP	EBP
   123 00000111 C3                              	RET
   124                                          [SECTION .data]
   125 00000000                                 LC0:
   126 00000000 68 65 6C 6C 6F 20 6F 73 2E 00   	DB	"hello os.",0x00
   127 0000000A                                 LC1:
   128 0000000A 73 63 72 6E 78 3D 20 25 64 00   	DB	"scrnx= %d",0x00
   129                                          [SECTION .text]
   130 00000112                                 	ALIGN	2
   131 00000112                                 	GLOBAL	_HariMain
   132 00000112                                 _HariMain:
   133 00000112 55                              	PUSH	EBP
   134 00000113 89 E5                           	MOV	EBP,ESP
   135 00000115 57                              	PUSH	EDI
   136 00000116 56                              	PUSH	ESI
   137 00000117 53                              	PUSH	EBX
   138 00000118 8D 5D C4                        	LEA	EBX,DWORD [-60+EBP]
   139 0000011B 81 EC 00000130                  	SUB	ESP,304
   140 00000121 E8 00000166                     	CALL	_init_palette
   141 00000126 0F BF 05 00000FF6               	MOVSX	EAX,WORD [4086]
   142 0000012D 0F BF 15 00000FF4               	MOVSX	EDX,WORD [4084]
   143 00000134 50                              	PUSH	EAX
   144 00000135 52                              	PUSH	EDX
   145 00000136 FF 35 00000FF8                  	PUSH	DWORD [4088]
   146 0000013C E8 00000239                     	CALL	_init_screen
   147 00000141 68 [00000410]                   	PUSH	_hankaku+1040
   148 00000146 6A 07                           	PUSH	7
   149 00000148 6A 08                           	PUSH	8
   150 0000014A 6A 08                           	PUSH	8
   151 0000014C 0F BF 05 00000FF4               	MOVSX	EAX,WORD [4084]
   152 00000153 50                              	PUSH	EAX
   153 00000154 FF 35 00000FF8                  	PUSH	DWORD [4088]
   154 0000015A E8 000003A7                     	CALL	_putfont8
   155 0000015F 83 C4 24                        	ADD	ESP,36
   156 00000162 68 [00000420]                   	PUSH	_hankaku+1056
   157 00000167 6A 07                           	PUSH	7
   158 00000169 6A 08                           	PUSH	8
   159 0000016B 6A 10                           	PUSH	16
   160 0000016D 0F BF 05 00000FF4               	MOVSX	EAX,WORD [4084]
   161 00000174 50                              	PUSH	EAX
   162 00000175 FF 35 00000FF8                  	PUSH	DWORD [4088]
   163 0000017B E8 00000386                     	CALL	_putfont8
   164 00000180 68 [00000430]                   	PUSH	_hankaku+1072
   165 00000185 6A 07                           	PUSH	7
   166 00000187 6A 08                           	PUSH	8
   167 00000189 6A 18                           	PUSH	24
   168 0000018B 0F BF 05 00000FF4               	MOVSX	EAX,WORD [4084]
   169 00000192 50                              	PUSH	EAX
   170 00000193 FF 35 00000FF8                  	PUSH	DWORD [4088]
   171 00000199 E8 00000368                     	CALL	_putfont8
   172 0000019E 83 C4 30                        	ADD	ESP,48
   173 000001A1 68 [00000310]                   	PUSH	_hankaku+784
   174 000001A6 6A 07                           	PUSH	7
   175 000001A8 6A 08                           	PUSH	8
   176 000001AA 6A 28                           	PUSH	40
   177 000001AC 0F BF 05 00000FF4               	MOVSX	EAX,WORD [4084]
   178 000001B3 50                              	PUSH	EAX
   179 000001B4 FF 35 00000FF8                  	PUSH	DWORD [4088]
   180 000001BA E8 00000347                     	CALL	_putfont8
   181 000001BF 68 [00000320]                   	PUSH	_hankaku+800
   182 000001C4 6A 07                           	PUSH	7
   183 000001C6 6A 08                           	PUSH	8
   184 000001C8 6A 30                           	PUSH	48
   185 000001CA 0F BF 05 00000FF4               	MOVSX	EAX,WORD [4084]
   186 000001D1 50                              	PUSH	EAX
   187 000001D2 FF 35 00000FF8                  	PUSH	DWORD [4088]
   188 000001D8 E8 00000329                     	CALL	_putfont8
   189 000001DD 83 C4 30                        	ADD	ESP,48
   190 000001E0 68 [00000000]                   	PUSH	LC0
   191 000001E5 6A 07                           	PUSH	7
   192 000001E7 6A 32                           	PUSH	50
   193 000001E9 6A 3C                           	PUSH	60
   194 000001EB 0F BF 05 00000FF4               	MOVSX	EAX,WORD [4084]
   195 000001F2 50                              	PUSH	EAX
   196 000001F3 FF 35 00000FF8                  	PUSH	DWORD [4088]
   197 000001F9 E8 0000038E                     	CALL	_putfonts8_asc
   198 000001FE 0F BF 05 00000FF4               	MOVSX	EAX,WORD [4084]
   199 00000205 50                              	PUSH	EAX
   200 00000206 68 [0000000A]                   	PUSH	LC1
   201 0000020B 53                              	PUSH	EBX
   202 0000020C E8 [00000000]                   	CALL	_sprintf
   203 00000211 83 C4 24                        	ADD	ESP,36
   204 00000214 53                              	PUSH	EBX
   205 00000215 8D 9D FFFFFEC4                  	LEA	EBX,DWORD [-316+EBP]
   206 0000021B 6A 07                           	PUSH	7
   207 0000021D 6A 40                           	PUSH	64
   208 0000021F 6A 10                           	PUSH	16
   209 00000221 0F BF 05 00000FF4               	MOVSX	EAX,WORD [4084]
   210 00000228 50                              	PUSH	EAX
   211 00000229 FF 35 00000FF8                  	PUSH	DWORD [4088]
   212 0000022F E8 00000358                     	CALL	_putfonts8_asc
   213 00000234 B9 00000002                     	MOV	ECX,2
   214 00000239 0F BF 05 00000FF4               	MOVSX	EAX,WORD [4084]
   215 00000240 8D 50 F0                        	LEA	EDX,DWORD [-16+EAX]
   216 00000243 89 D0                           	MOV	EAX,EDX
   217 00000245 99                              	CDQ
   218 00000246 F7 F9                           	IDIV	ECX
   219 00000248 0F BF 15 00000FF6               	MOVSX	EDX,WORD [4086]
   220 0000024F 83 EA 2C                        	SUB	EDX,44
   221 00000252 89 C7                           	MOV	EDI,EAX
   222 00000254 89 D0                           	MOV	EAX,EDX
   223 00000256 6A 0E                           	PUSH	14
   224 00000258 99                              	CDQ
   225 00000259 F7 F9                           	IDIV	ECX
   226 0000025B 53                              	PUSH	EBX
   227 0000025C 89 C6                           	MOV	ESI,EAX
   228 0000025E E8 00000379                     	CALL	_init_mouse_cursor8
   229 00000263 83 C4 20                        	ADD	ESP,32
   230 00000266 6A 10                           	PUSH	16
   231 00000268 53                              	PUSH	EBX
   232 00000269 56                              	PUSH	ESI
   233 0000026A 57                              	PUSH	EDI
   234 0000026B 6A 10                           	PUSH	16
   235 0000026D 6A 10                           	PUSH	16
   236 0000026F 0F BF 05 00000FF4               	MOVSX	EAX,WORD [4084]
   237 00000276 50                              	PUSH	EAX
   238 00000277 FF 35 00000FF8                  	PUSH	DWORD [4088]
   239 0000027D E8 000003B8                     	CALL	_putblock8_8
   240 00000282 83 C4 20                        	ADD	ESP,32
   241 00000285                                 L20:
   242 00000285 E8 [00000000]                   	CALL	_io_hlt
   243 0000028A EB F9                           	JMP	L20
   244                                          [SECTION .data]
   245 00000014                                 _table_rgb.0:
   246 00000014 00                              	DB	0
   247 00000015 00                              	DB	0
   248 00000016 00                              	DB	0
   249 00000017 FF                              	DB	-1
   250 00000018 00                              	DB	0
   251 00000019 00                              	DB	0
   252 0000001A 00                              	DB	0
   253 0000001B FF                              	DB	-1
   254 0000001C 00                              	DB	0
   255 0000001D FF                              	DB	-1
   256 0000001E FF                              	DB	-1
   257 0000001F 00                              	DB	0
   258 00000020 00                              	DB	0
   259 00000021 00                              	DB	0
   260 00000022 FF                              	DB	-1
   261 00000023 FF                              	DB	-1
   262 00000024 00                              	DB	0
   263 00000025 FF                              	DB	-1
   264 00000026 00                              	DB	0
   265 00000027 FF                              	DB	-1
   266 00000028 FF                              	DB	-1
   267 00000029 FF                              	DB	-1
   268 0000002A FF                              	DB	-1
   269 0000002B FF                              	DB	-1
   270 0000002C C6                              	DB	-58
   271 0000002D C6                              	DB	-58
   272 0000002E C6                              	DB	-58
   273 0000002F 84                              	DB	-124
   274 00000030 00                              	DB	0
   275 00000031 00                              	DB	0
   276 00000032 00                              	DB	0
   277 00000033 84                              	DB	-124
   278 00000034 00                              	DB	0
   279 00000035 84                              	DB	-124
   280 00000036 84                              	DB	-124
   281 00000037 00                              	DB	0
   282 00000038 00                              	DB	0
   283 00000039 00                              	DB	0
   284 0000003A 84                              	DB	-124
   285 0000003B 84                              	DB	-124
   286 0000003C 00                              	DB	0
   287 0000003D 84                              	DB	-124
   288 0000003E 00                              	DB	0
   289 0000003F 84                              	DB	-124
   290 00000040 84                              	DB	-124
   291 00000041 84                              	DB	-124
   292 00000042 84                              	DB	-124
   293 00000043 84                              	DB	-124
   294                                          [SECTION .text]
   295 0000028C                                 	ALIGN	2
   296 0000028C                                 	GLOBAL	_init_palette
   297 0000028C                                 _init_palette:
   298 0000028C 55                              	PUSH	EBP
   299 0000028D 89 E5                           	MOV	EBP,ESP
   300 0000028F 68 [00000014]                   	PUSH	_table_rgb.0
   301 00000294 6A 0F                           	PUSH	15
   302 00000296 6A 00                           	PUSH	0
   303 00000298 E8 00000003                     	CALL	_set_palette
   304 0000029D C9                              	LEAVE
   305 0000029E C3                              	RET
   306 0000029F 90                              	ALIGN	2
   307 000002A0                                 	GLOBAL	_set_palette
   308 000002A0                                 _set_palette:
   309 000002A0 55                              	PUSH	EBP
   310 000002A1 89 E5                           	MOV	EBP,ESP
   311 000002A3 57                              	PUSH	EDI
   312 000002A4 56                              	PUSH	ESI
   313 000002A5 53                              	PUSH	EBX
   314 000002A6 50                              	PUSH	EAX
   315 000002A7 8B 5D 08                        	MOV	EBX,DWORD [8+EBP]
   316 000002AA 8B 7D 0C                        	MOV	EDI,DWORD [12+EBP]
   317 000002AD 8B 75 10                        	MOV	ESI,DWORD [16+EBP]
   318 000002B0 E8 [00000000]                   	CALL	_io_load_eflags
   319 000002B5 89 45 F0                        	MOV	DWORD [-16+EBP],EAX
   320 000002B8 E8 [00000000]                   	CALL	_io_cli
   321 000002BD 53                              	PUSH	EBX
   322 000002BE 68 000003C8                     	PUSH	968
   323 000002C3 E8 [00000000]                   	CALL	_io_out8
   324 000002C8 39 FB                           	CMP	EBX,EDI
   325 000002CA 59                              	POP	ECX
   326 000002CB 58                              	POP	EAX
   327 000002CC 7E 12                           	JLE	L29
   328 000002CE                                 L31:
   329 000002CE 8B 45 F0                        	MOV	EAX,DWORD [-16+EBP]
   330 000002D1 89 45 08                        	MOV	DWORD [8+EBP],EAX
   331 000002D4 8D 65 F4                        	LEA	ESP,DWORD [-12+EBP]
   332 000002D7 5B                              	POP	EBX
   333 000002D8 5E                              	POP	ESI
   334 000002D9 5F                              	POP	EDI
   335 000002DA 5D                              	POP	EBP
   336 000002DB E9 [00000000]                   	JMP	_io_store_eflags
   337 000002E0                                 L29:
   338 000002E0 8A 06                           	MOV	AL,BYTE [ESI]
   339 000002E2 43                              	INC	EBX
   340 000002E3 C0 E8 02                        	SHR	AL,2
   341 000002E6 0F B6 C0                        	MOVZX	EAX,AL
   342 000002E9 50                              	PUSH	EAX
   343 000002EA 68 000003C9                     	PUSH	969
   344 000002EF E8 [00000000]                   	CALL	_io_out8
   345 000002F4 8A 46 01                        	MOV	AL,BYTE [1+ESI]
   346 000002F7 C0 E8 02                        	SHR	AL,2
   347 000002FA 0F B6 C0                        	MOVZX	EAX,AL
   348 000002FD 50                              	PUSH	EAX
   349 000002FE 68 000003C9                     	PUSH	969
   350 00000303 E8 [00000000]                   	CALL	_io_out8
   351 00000308 8A 46 02                        	MOV	AL,BYTE [2+ESI]
   352 0000030B C0 E8 02                        	SHR	AL,2
   353 0000030E 83 C6 03                        	ADD	ESI,3
   354 00000311 0F B6 C0                        	MOVZX	EAX,AL
   355 00000314 50                              	PUSH	EAX
   356 00000315 68 000003C9                     	PUSH	969
   357 0000031A E8 [00000000]                   	CALL	_io_out8
   358 0000031F 83 C4 18                        	ADD	ESP,24
   359 00000322 39 FB                           	CMP	EBX,EDI
   360 00000324 7E BA                           	JLE	L29
   361 00000326 EB A6                           	JMP	L31
   362 00000328                                 	ALIGN	2
   363 00000328                                 	GLOBAL	_boxfill8
   364 00000328                                 _boxfill8:
   365 00000328 55                              	PUSH	EBP
   366 00000329 89 E5                           	MOV	EBP,ESP
   367 0000032B 57                              	PUSH	EDI
   368 0000032C 56                              	PUSH	ESI
   369 0000032D 53                              	PUSH	EBX
   370 0000032E 51                              	PUSH	ECX
   371 0000032F 51                              	PUSH	ECX
   372 00000330 8A 45 10                        	MOV	AL,BYTE [16+EBP]
   373 00000333 8B 4D 18                        	MOV	ECX,DWORD [24+EBP]
   374 00000336 8B 7D 1C                        	MOV	EDI,DWORD [28+EBP]
   375 00000339 88 45 F3                        	MOV	BYTE [-13+EBP],AL
   376 0000033C 3B 4D 20                        	CMP	ECX,DWORD [32+EBP]
   377 0000033F 7F 31                           	JG	L44
   378 00000341 8B 5D 0C                        	MOV	EBX,DWORD [12+EBP]
   379 00000344 0F AF D9                        	IMUL	EBX,ECX
   380 00000347                                 L42:
   381 00000347 8B 55 14                        	MOV	EDX,DWORD [20+EBP]
   382 0000034A 39 FA                           	CMP	EDX,EDI
   383 0000034C 7F 1B                           	JG	L46
   384 0000034E 8B 75 08                        	MOV	ESI,DWORD [8+EBP]
   385 00000351 01 DE                           	ADD	ESI,EBX
   386 00000353 01 D6                           	ADD	ESI,EDX
   387 00000355 89 75 EC                        	MOV	DWORD [-20+EBP],ESI
   388 00000358                                 L41:
   389 00000358 8B 75 EC                        	MOV	ESI,DWORD [-20+EBP]
   390 0000035B 8A 45 F3                        	MOV	AL,BYTE [-13+EBP]
   391 0000035E 42                              	INC	EDX
   392 0000035F 88 06                           	MOV	BYTE [ESI],AL
   393 00000361 46                              	INC	ESI
   394 00000362 89 75 EC                        	MOV	DWORD [-20+EBP],ESI
   395 00000365 39 FA                           	CMP	EDX,EDI
   396 00000367 7E EF                           	JLE	L41
   397 00000369                                 L46:
   398 00000369 41                              	INC	ECX
   399 0000036A 03 5D 0C                        	ADD	EBX,DWORD [12+EBP]
   400 0000036D 3B 4D 20                        	CMP	ECX,DWORD [32+EBP]
   401 00000370 7E D5                           	JLE	L42
   402 00000372                                 L44:
   403 00000372 58                              	POP	EAX
   404 00000373 5A                              	POP	EDX
   405 00000374 5B                              	POP	EBX
   406 00000375 5E                              	POP	ESI
   407 00000376 5F                              	POP	EDI
   408 00000377 5D                              	POP	EBP
   409 00000378 C3                              	RET
   410 00000379 90                              	ALIGN	2
   411 0000037A                                 	GLOBAL	_init_screen
   412 0000037A                                 _init_screen:
   413 0000037A 55                              	PUSH	EBP
   414 0000037B 89 E5                           	MOV	EBP,ESP
   415 0000037D 57                              	PUSH	EDI
   416 0000037E 56                              	PUSH	ESI
   417 0000037F 53                              	PUSH	EBX
   418 00000380 83 EC 0C                        	SUB	ESP,12
   419 00000383 8B 45 10                        	MOV	EAX,DWORD [16+EBP]
   420 00000386 8B 7D 0C                        	MOV	EDI,DWORD [12+EBP]
   421 00000389 83 E8 1D                        	SUB	EAX,29
   422 0000038C 4F                              	DEC	EDI
   423 0000038D 50                              	PUSH	EAX
   424 0000038E 57                              	PUSH	EDI
   425 0000038F 6A 00                           	PUSH	0
   426 00000391 6A 00                           	PUSH	0
   427 00000393 6A 0E                           	PUSH	14
   428 00000395 FF 75 0C                        	PUSH	DWORD [12+EBP]
   429 00000398 FF 75 08                        	PUSH	DWORD [8+EBP]
   430 0000039B E8 FFFFFF88                     	CALL	_boxfill8
   431 000003A0 8B 45 10                        	MOV	EAX,DWORD [16+EBP]
   432 000003A3 83 E8 1C                        	SUB	EAX,28
   433 000003A6 50                              	PUSH	EAX
   434 000003A7 57                              	PUSH	EDI
   435 000003A8 50                              	PUSH	EAX
   436 000003A9 6A 00                           	PUSH	0
   437 000003AB 6A 08                           	PUSH	8
   438 000003AD FF 75 0C                        	PUSH	DWORD [12+EBP]
   439 000003B0 FF 75 08                        	PUSH	DWORD [8+EBP]
   440 000003B3 E8 FFFFFF70                     	CALL	_boxfill8
   441 000003B8 8B 45 10                        	MOV	EAX,DWORD [16+EBP]
   442 000003BB 83 C4 38                        	ADD	ESP,56
   443 000003BE 83 E8 1B                        	SUB	EAX,27
   444 000003C1 50                              	PUSH	EAX
   445 000003C2 57                              	PUSH	EDI
   446 000003C3 50                              	PUSH	EAX
   447 000003C4 6A 00                           	PUSH	0
   448 000003C6 6A 07                           	PUSH	7
   449 000003C8 FF 75 0C                        	PUSH	DWORD [12+EBP]
   450 000003CB FF 75 08                        	PUSH	DWORD [8+EBP]
   451 000003CE E8 FFFFFF55                     	CALL	_boxfill8
   452 000003D3 8B 45 10                        	MOV	EAX,DWORD [16+EBP]
   453 000003D6 48                              	DEC	EAX
   454 000003D7 50                              	PUSH	EAX
   455 000003D8 8B 45 10                        	MOV	EAX,DWORD [16+EBP]
   456 000003DB 57                              	PUSH	EDI
   457 000003DC 83 E8 1A                        	SUB	EAX,26
   458 000003DF 50                              	PUSH	EAX
   459 000003E0 6A 00                           	PUSH	0
   460 000003E2 6A 08                           	PUSH	8
   461 000003E4 FF 75 0C                        	PUSH	DWORD [12+EBP]
   462 000003E7 FF 75 08                        	PUSH	DWORD [8+EBP]
   463 000003EA E8 FFFFFF39                     	CALL	_boxfill8
   464 000003EF 8B 75 10                        	MOV	ESI,DWORD [16+EBP]
   465 000003F2 83 C4 38                        	ADD	ESP,56
   466 000003F5 83 EE 18                        	SUB	ESI,24
   467 000003F8 56                              	PUSH	ESI
   468 000003F9 6A 3B                           	PUSH	59
   469 000003FB 56                              	PUSH	ESI
   470 000003FC 6A 03                           	PUSH	3
   471 000003FE 6A 07                           	PUSH	7
   472 00000400 FF 75 0C                        	PUSH	DWORD [12+EBP]
   473 00000403 FF 75 08                        	PUSH	DWORD [8+EBP]
   474 00000406 E8 FFFFFF1D                     	CALL	_boxfill8
   475 0000040B 8B 45 10                        	MOV	EAX,DWORD [16+EBP]
   476 0000040E 83 E8 04                        	SUB	EAX,4
   477 00000411 50                              	PUSH	EAX
   478 00000412 89 45 F0                        	MOV	DWORD [-16+EBP],EAX
   479 00000415 6A 02                           	PUSH	2
   480 00000417 56                              	PUSH	ESI
   481 00000418 6A 02                           	PUSH	2
   482 0000041A 6A 07                           	PUSH	7
   483 0000041C FF 75 0C                        	PUSH	DWORD [12+EBP]
   484 0000041F FF 75 08                        	PUSH	DWORD [8+EBP]
   485 00000422 E8 FFFFFF01                     	CALL	_boxfill8
   486 00000427 83 C4 38                        	ADD	ESP,56
   487 0000042A FF 75 F0                        	PUSH	DWORD [-16+EBP]
   488 0000042D 6A 3B                           	PUSH	59
   489 0000042F FF 75 F0                        	PUSH	DWORD [-16+EBP]
   490 00000432 6A 03                           	PUSH	3
   491 00000434 6A 0F                           	PUSH	15
   492 00000436 FF 75 0C                        	PUSH	DWORD [12+EBP]
   493 00000439 FF 75 08                        	PUSH	DWORD [8+EBP]
   494 0000043C E8 FFFFFEE7                     	CALL	_boxfill8
   495 00000441 8B 45 10                        	MOV	EAX,DWORD [16+EBP]
   496 00000444 83 E8 05                        	SUB	EAX,5
   497 00000447 50                              	PUSH	EAX
   498 00000448 8B 45 10                        	MOV	EAX,DWORD [16+EBP]
   499 0000044B 6A 3B                           	PUSH	59
   500 0000044D 83 E8 17                        	SUB	EAX,23
   501 00000450 50                              	PUSH	EAX
   502 00000451 89 45 EC                        	MOV	DWORD [-20+EBP],EAX
   503 00000454 6A 3B                           	PUSH	59
   504 00000456 6A 0F                           	PUSH	15
   505 00000458 FF 75 0C                        	PUSH	DWORD [12+EBP]
   506 0000045B FF 75 08                        	PUSH	DWORD [8+EBP]
   507 0000045E E8 FFFFFEC5                     	CALL	_boxfill8
   508 00000463 8B 45 10                        	MOV	EAX,DWORD [16+EBP]
   509 00000466 83 C4 38                        	ADD	ESP,56
   510 00000469 83 E8 03                        	SUB	EAX,3
   511 0000046C 89 45 E8                        	MOV	DWORD [-24+EBP],EAX
   512 0000046F 50                              	PUSH	EAX
   513 00000470 6A 3B                           	PUSH	59
   514 00000472 50                              	PUSH	EAX
   515 00000473 6A 02                           	PUSH	2
   516 00000475 6A 00                           	PUSH	0
   517 00000477 FF 75 0C                        	PUSH	DWORD [12+EBP]
   518 0000047A FF 75 08                        	PUSH	DWORD [8+EBP]
   519 0000047D E8 FFFFFEA6                     	CALL	_boxfill8
   520 00000482 FF 75 E8                        	PUSH	DWORD [-24+EBP]
   521 00000485 6A 3C                           	PUSH	60
   522 00000487 56                              	PUSH	ESI
   523 00000488 6A 3C                           	PUSH	60
   524 0000048A 6A 00                           	PUSH	0
   525 0000048C FF 75 0C                        	PUSH	DWORD [12+EBP]
   526 0000048F FF 75 08                        	PUSH	DWORD [8+EBP]
   527 00000492 E8 FFFFFE91                     	CALL	_boxfill8
   528 00000497 8B 7D 0C                        	MOV	EDI,DWORD [12+EBP]
   529 0000049A 83 C4 38                        	ADD	ESP,56
   530 0000049D 8B 5D 0C                        	MOV	EBX,DWORD [12+EBP]
   531 000004A0 83 EB 04                        	SUB	EBX,4
   532 000004A3 83 EF 2F                        	SUB	EDI,47
   533 000004A6 56                              	PUSH	ESI
   534 000004A7 53                              	PUSH	EBX
   535 000004A8 56                              	PUSH	ESI
   536 000004A9 57                              	PUSH	EDI
   537 000004AA 6A 0F                           	PUSH	15
   538 000004AC FF 75 0C                        	PUSH	DWORD [12+EBP]
   539 000004AF FF 75 08                        	PUSH	DWORD [8+EBP]
   540 000004B2 E8 FFFFFE71                     	CALL	_boxfill8
   541 000004B7 FF 75 F0                        	PUSH	DWORD [-16+EBP]
   542 000004BA 57                              	PUSH	EDI
   543 000004BB FF 75 EC                        	PUSH	DWORD [-20+EBP]
   544 000004BE 57                              	PUSH	EDI
   545 000004BF 6A 0F                           	PUSH	15
   546 000004C1 FF 75 0C                        	PUSH	DWORD [12+EBP]
   547 000004C4 FF 75 08                        	PUSH	DWORD [8+EBP]
   548 000004C7 E8 FFFFFE5C                     	CALL	_boxfill8
   549 000004CC 83 C4 38                        	ADD	ESP,56
   550 000004CF FF 75 E8                        	PUSH	DWORD [-24+EBP]
   551 000004D2 53                              	PUSH	EBX
   552 000004D3 FF 75 E8                        	PUSH	DWORD [-24+EBP]
   553 000004D6 57                              	PUSH	EDI
   554 000004D7 6A 07                           	PUSH	7
   555 000004D9 FF 75 0C                        	PUSH	DWORD [12+EBP]
   556 000004DC FF 75 08                        	PUSH	DWORD [8+EBP]
   557 000004DF E8 FFFFFE44                     	CALL	_boxfill8
   558 000004E4 8B 45 0C                        	MOV	EAX,DWORD [12+EBP]
   559 000004E7 FF 75 E8                        	PUSH	DWORD [-24+EBP]
   560 000004EA 83 E8 03                        	SUB	EAX,3
   561 000004ED 50                              	PUSH	EAX
   562 000004EE 56                              	PUSH	ESI
   563 000004EF 50                              	PUSH	EAX
   564 000004F0 6A 07                           	PUSH	7
   565 000004F2 FF 75 0C                        	PUSH	DWORD [12+EBP]
   566 000004F5 FF 75 08                        	PUSH	DWORD [8+EBP]
   567 000004F8 E8 FFFFFE2B                     	CALL	_boxfill8
   568 000004FD 8D 65 F4                        	LEA	ESP,DWORD [-12+EBP]
   569 00000500 5B                              	POP	EBX
   570 00000501 5E                              	POP	ESI
   571 00000502 5F                              	POP	EDI
   572 00000503 5D                              	POP	EBP
   573 00000504 C3                              	RET
   574 00000505 90                              	ALIGN	2
   575 00000506                                 	GLOBAL	_putfont8
   576 00000506                                 _putfont8:
   577 00000506 55                              	PUSH	EBP
   578 00000507 89 E5                           	MOV	EBP,ESP
   579 00000509 57                              	PUSH	EDI
   580 0000050A 56                              	PUSH	ESI
   581 0000050B 31 F6                           	XOR	ESI,ESI
   582 0000050D 53                              	PUSH	EBX
   583 0000050E 8B 7D 1C                        	MOV	EDI,DWORD [28+EBP]
   584 00000511 8A 5D 18                        	MOV	BL,BYTE [24+EBP]
   585 00000514                                 L61:
   586 00000514 8B 45 14                        	MOV	EAX,DWORD [20+EBP]
   587 00000517 8B 55 10                        	MOV	EDX,DWORD [16+EBP]
   588 0000051A 01 F0                           	ADD	EAX,ESI
   589 0000051C 0F AF 45 0C                     	IMUL	EAX,DWORD [12+EBP]
   590 00000520 03 45 08                        	ADD	EAX,DWORD [8+EBP]
   591 00000523 8D 0C 02                        	LEA	ECX,DWORD [EDX+EAX*1]
   592 00000526 8A 14 3E                        	MOV	DL,BYTE [ESI+EDI*1]
   593 00000529 84 D2                           	TEST	DL,DL
   594 0000052B 79 02                           	JNS	L53
   595 0000052D 88 19                           	MOV	BYTE [ECX],BL
   596 0000052F                                 L53:
   597 0000052F 88 D0                           	MOV	AL,DL
   598 00000531 83 E0 40                        	AND	EAX,64
   599 00000534 84 C0                           	TEST	AL,AL
   600 00000536 74 03                           	JE	L54
   601 00000538 88 59 01                        	MOV	BYTE [1+ECX],BL
   602 0000053B                                 L54:
   603 0000053B 88 D0                           	MOV	AL,DL
   604 0000053D 83 E0 20                        	AND	EAX,32
   605 00000540 84 C0                           	TEST	AL,AL
   606 00000542 74 03                           	JE	L55
   607 00000544 88 59 02                        	MOV	BYTE [2+ECX],BL
   608 00000547                                 L55:
   609 00000547 88 D0                           	MOV	AL,DL
   610 00000549 83 E0 10                        	AND	EAX,16
   611 0000054C 84 C0                           	TEST	AL,AL
   612 0000054E 74 03                           	JE	L56
   613 00000550 88 59 03                        	MOV	BYTE [3+ECX],BL
   614 00000553                                 L56:
   615 00000553 88 D0                           	MOV	AL,DL
   616 00000555 83 E0 08                        	AND	EAX,8
   617 00000558 84 C0                           	TEST	AL,AL
   618 0000055A 74 03                           	JE	L57
   619 0000055C 88 59 04                        	MOV	BYTE [4+ECX],BL
   620 0000055F                                 L57:
   621 0000055F 88 D0                           	MOV	AL,DL
   622 00000561 83 E0 04                        	AND	EAX,4
   623 00000564 84 C0                           	TEST	AL,AL
   624 00000566 74 03                           	JE	L58
   625 00000568 88 59 05                        	MOV	BYTE [5+ECX],BL
   626 0000056B                                 L58:
   627 0000056B 88 D0                           	MOV	AL,DL
   628 0000056D 83 E0 02                        	AND	EAX,2
   629 00000570 84 C0                           	TEST	AL,AL
   630 00000572 74 03                           	JE	L59
   631 00000574 88 59 06                        	MOV	BYTE [6+ECX],BL
   632 00000577                                 L59:
   633 00000577 83 E2 01                        	AND	EDX,1
   634 0000057A 84 D2                           	TEST	DL,DL
   635 0000057C 74 03                           	JE	L51
   636 0000057E 88 59 07                        	MOV	BYTE [7+ECX],BL
   637 00000581                                 L51:
   638 00000581 46                              	INC	ESI
   639 00000582 83 FE 10                        	CMP	ESI,16
   640 00000585 7E 8D                           	JLE	L61
   641 00000587 5B                              	POP	EBX
   642 00000588 5E                              	POP	ESI
   643 00000589 5F                              	POP	EDI
   644 0000058A 5D                              	POP	EBP
   645 0000058B C3                              	RET
   646 0000058C                                 	ALIGN	2
   647 0000058C                                 	GLOBAL	_putfonts8_asc
   648 0000058C                                 _putfonts8_asc:
   649 0000058C 55                              	PUSH	EBP
   650 0000058D 89 E5                           	MOV	EBP,ESP
   651 0000058F 57                              	PUSH	EDI
   652 00000590 56                              	PUSH	ESI
   653 00000591 53                              	PUSH	EBX
   654 00000592 53                              	PUSH	EBX
   655 00000593 8B 5D 1C                        	MOV	EBX,DWORD [28+EBP]
   656 00000596 8A 45 18                        	MOV	AL,BYTE [24+EBP]
   657 00000599 88 45 F3                        	MOV	BYTE [-13+EBP],AL
   658 0000059C 8B 75 10                        	MOV	ESI,DWORD [16+EBP]
   659 0000059F 8B 7D 14                        	MOV	EDI,DWORD [20+EBP]
   660 000005A2 80 3B 00                        	CMP	BYTE [EBX],0
   661 000005A5 75 08                           	JNE	L69
   662 000005A7                                 L71:
   663 000005A7 8D 65 F4                        	LEA	ESP,DWORD [-12+EBP]
   664 000005AA 5B                              	POP	EBX
   665 000005AB 5E                              	POP	ESI
   666 000005AC 5F                              	POP	EDI
   667 000005AD 5D                              	POP	EBP
   668 000005AE C3                              	RET
   669 000005AF                                 L69:
   670 000005AF 0F B6 03                        	MOVZX	EAX,BYTE [EBX]
   671 000005B2 C1 E0 04                        	SAL	EAX,4
   672 000005B5 43                              	INC	EBX
   673 000005B6 05 [00000000]                   	ADD	EAX,_hankaku
   674 000005BB 50                              	PUSH	EAX
   675 000005BC 0F BE 45 F3                     	MOVSX	EAX,BYTE [-13+EBP]
   676 000005C0 50                              	PUSH	EAX
   677 000005C1 57                              	PUSH	EDI
   678 000005C2 56                              	PUSH	ESI
   679 000005C3 83 C6 08                        	ADD	ESI,8
   680 000005C6 FF 75 0C                        	PUSH	DWORD [12+EBP]
   681 000005C9 FF 75 08                        	PUSH	DWORD [8+EBP]
   682 000005CC E8 FFFFFF35                     	CALL	_putfont8
   683 000005D1 83 C4 18                        	ADD	ESP,24
   684 000005D4 80 3B 00                        	CMP	BYTE [EBX],0
   685 000005D7 75 D6                           	JNE	L69
   686 000005D9 EB CC                           	JMP	L71
   687                                          [SECTION .data]
   688 00000044                                 _cursor.1:
   689 00000044 2A 2A 2A 2A 2A 2A 2A 2A 2A 2A   	DB	"**************.."
       0000004E 2A 2A 2A 2A 2E 2E 
   690 00000054 2A 4F 4F 4F 4F 4F 4F 4F 4F 4F   	DB	"*OOOOOOOOOOO*..."
       0000005E 4F 4F 2A 2E 2E 2E 
   691 00000064 2A 4F 4F 4F 4F 4F 4F 4F 4F 4F   	DB	"*OOOOOOOOOO*...."
       0000006E 4F 2A 2E 2E 2E 2E 
   692 00000074 2A 4F 4F 4F 4F 4F 4F 4F 4F 4F   	DB	"*OOOOOOOOO*....."
       0000007E 2A 2E 2E 2E 2E 2E 
   693 00000084 2A 4F 4F 4F 4F 4F 4F 4F 4F 2A   	DB	"*OOOOOOOO*......"
       0000008E 2E 2E 2E 2E 2E 2E 
   694 00000094 2A 4F 4F 4F 4F 4F 4F 4F 2A 2E   	DB	"*OOOOOOO*......."
       0000009E 2E 2E 2E 2E 2E 2E 
   695 000000A4 2A 4F 4F 4F 4F 4F 4F 4F 2A 2E   	DB	"*OOOOOOO*......."
       000000AE 2E 2E 2E 2E 2E 2E 
   696 000000B4 2A 4F 4F 4F 4F 4F 4F 4F 4F 2A   	DB	"*OOOOOOOO*......"
       000000BE 2E 2E 2E 2E 2E 2E 
   697 000000C4 2A 4F 4F 4F 4F 2A 2A 4F 4F 4F   	DB	"*OOOO**OOO*....."
       000000CE 2A 2E 2E 2E 2E 2E 
   698 000000D4 2A 4F 4F 4F 2A 2E 2E 2A 4F 4F   	DB	"*OOO*..*OOO*...."
       000000DE 4F 2A 2E 2E 2E 2E 
   699 000000E4 2A 4F 4F 2A 2E 2E 2E 2E 2A 4F   	DB	"*OO*....*OOO*..."
       000000EE 4F 4F 2A 2E 2E 2E 
   700 000000F4 2A 4F 2A 2E 2E 2E 2E 2E 2E 2A   	DB	"*O*......*OOO*.."
       000000FE 4F 4F 4F 2A 2E 2E 
   701 00000104 2A 2A 2E 2E 2E 2E 2E 2E 2E 2E   	DB	"**........*OOO*."
       0000010E 2A 4F 4F 4F 2A 2E 
   702 00000114 2A 2E 2E 2E 2E 2E 2E 2E 2E 2E   	DB	"*..........*OOO*"
       0000011E 2E 2A 4F 4F 4F 2A 
   703 00000124 2E 2E 2E 2E 2E 2E 2E 2E 2E 2E   	DB	"............*OO*"
       0000012E 2E 2E 2A 4F 4F 2A 
   704 00000134 2E 2E 2E 2E 2E 2E 2E 2E 2E 2E   	DB	".............***"
       0000013E 2E 2E 2E 2A 2A 2A 
   705                                          [SECTION .text]
   706 000005DB 90                              	ALIGN	2
   707 000005DC                                 	GLOBAL	_init_mouse_cursor8
   708 000005DC                                 _init_mouse_cursor8:
   709 000005DC 55                              	PUSH	EBP
   710 000005DD 89 E5                           	MOV	EBP,ESP
   711 000005DF 57                              	PUSH	EDI
   712 000005E0 56                              	PUSH	ESI
   713 000005E1 53                              	PUSH	EBX
   714 000005E2 31 DB                           	XOR	EBX,EBX
   715 000005E4 57                              	PUSH	EDI
   716 000005E5 31 FF                           	XOR	EDI,EDI
   717 000005E7 8A 45 0C                        	MOV	AL,BYTE [12+EBP]
   718 000005EA 8B 75 08                        	MOV	ESI,DWORD [8+EBP]
   719 000005ED 88 45 F3                        	MOV	BYTE [-13+EBP],AL
   720 000005F0                                 L85:
   721 000005F0 31 D2                           	XOR	EDX,EDX
   722 000005F2                                 L84:
   723 000005F2 8D 04 3A                        	LEA	EAX,DWORD [EDX+EDI*1]
   724 000005F5 80 B8 [00000044] 2A             	CMP	BYTE [_cursor.1+EAX],42
   725 000005FC 74 35                           	JE	L90
   726 000005FE                                 L81:
   727 000005FE 80 B8 [00000044] 4F             	CMP	BYTE [_cursor.1+EAX],79
   728 00000605 74 26                           	JE	L91
   729 00000607                                 L82:
   730 00000607 80 B8 [00000044] 2E             	CMP	BYTE [_cursor.1+EAX],46
   731 0000060E 74 15                           	JE	L92
   732 00000610                                 L79:
   733 00000610 42                              	INC	EDX
   734 00000611 83 FA 0F                        	CMP	EDX,15
   735 00000614 7E DC                           	JLE	L84
   736 00000616 43                              	INC	EBX
   737 00000617 83 C7 10                        	ADD	EDI,16
   738 0000061A 83 FB 0F                        	CMP	EBX,15
   739 0000061D 7E D1                           	JLE	L85
   740 0000061F 5E                              	POP	ESI
   741 00000620 5B                              	POP	EBX
   742 00000621 5E                              	POP	ESI
   743 00000622 5F                              	POP	EDI
   744 00000623 5D                              	POP	EBP
   745 00000624 C3                              	RET
   746 00000625                                 L92:
   747 00000625 8A 4D F3                        	MOV	CL,BYTE [-13+EBP]
   748 00000628 88 0C 30                        	MOV	BYTE [EAX+ESI*1],CL
   749 0000062B EB E3                           	JMP	L79
   750 0000062D                                 L91:
   751 0000062D C6 04 30 07                     	MOV	BYTE [EAX+ESI*1],7
   752 00000631 EB D4                           	JMP	L82
   753 00000633                                 L90:
   754 00000633 C6 04 30 00                     	MOV	BYTE [EAX+ESI*1],0
   755 00000637 EB C5                           	JMP	L81
   756 00000639 90                              	ALIGN	2
   757 0000063A                                 	GLOBAL	_putblock8_8
   758 0000063A                                 _putblock8_8:
   759 0000063A 55                              	PUSH	EBP
   760 0000063B 89 E5                           	MOV	EBP,ESP
   761 0000063D 57                              	PUSH	EDI
   762 0000063E 56                              	PUSH	ESI
   763 0000063F 31 F6                           	XOR	ESI,ESI
   764 00000641 53                              	PUSH	EBX
   765 00000642 83 EC 0C                        	SUB	ESP,12
   766 00000645 3B 75 14                        	CMP	ESI,DWORD [20+EBP]
   767 00000648 7D 3E                           	JGE	L105
   768 0000064A 31 FF                           	XOR	EDI,EDI
   769 0000064C                                 L103:
   770 0000064C 31 DB                           	XOR	EBX,EBX
   771 0000064E 3B 5D 10                        	CMP	EBX,DWORD [16+EBP]
   772 00000651 7D 2C                           	JGE	L107
   773 00000653 8B 45 20                        	MOV	EAX,DWORD [32+EBP]
   774 00000656 01 F8                           	ADD	EAX,EDI
   775 00000658 89 45 EC                        	MOV	DWORD [-20+EBP],EAX
   776 0000065B                                 L102:
   777 0000065B 8B 45 1C                        	MOV	EAX,DWORD [28+EBP]
   778 0000065E 8B 55 18                        	MOV	EDX,DWORD [24+EBP]
   779 00000661 01 F0                           	ADD	EAX,ESI
   780 00000663 01 DA                           	ADD	EDX,EBX
   781 00000665 0F AF 45 0C                     	IMUL	EAX,DWORD [12+EBP]
   782 00000669 01 D0                           	ADD	EAX,EDX
   783 0000066B 8B 4D 08                        	MOV	ECX,DWORD [8+EBP]
   784 0000066E 8B 55 EC                        	MOV	EDX,DWORD [-20+EBP]
   785 00000671 43                              	INC	EBX
   786 00000672 8A 12                           	MOV	DL,BYTE [EDX]
   787 00000674 88 14 08                        	MOV	BYTE [EAX+ECX*1],DL
   788 00000677 FF 45 EC                        	INC	DWORD [-20+EBP]
   789 0000067A 3B 5D 10                        	CMP	EBX,DWORD [16+EBP]
   790 0000067D 7C DC                           	JL	L102
   791 0000067F                                 L107:
   792 0000067F 46                              	INC	ESI
   793 00000680 03 7D 24                        	ADD	EDI,DWORD [36+EBP]
   794 00000683 3B 75 14                        	CMP	ESI,DWORD [20+EBP]
   795 00000686 7C C4                           	JL	L103
   796 00000688                                 L105:
   797 00000688 83 C4 0C                        	ADD	ESP,12
   798 0000068B 5B                              	POP	EBX
   799 0000068C 5E                              	POP	ESI
   800 0000068D 5F                              	POP	EDI
   801 0000068E 5D                              	POP	EBP
   802 0000068F C3                              	RET
