     1 00000000                                 [FORMAT "WCOFF"]
     2 00000000                                 [INSTRSET "i486p"]
     3 00000000                                 [OPTIMIZE 1]
     4 00000000                                 [OPTION 1]
     5 00000000                                 [BITS 32]
     6 00000000                                 	EXTERN	_table_rgb.0
     7 00000000                                 	EXTERN	_io_load_eflags
     8 00000000                                 	EXTERN	_io_cli
     9 00000000                                 	EXTERN	_io_out8
    10 00000000                                 	EXTERN	_io_store_eflags
    11 00000000                                 	EXTERN	_hankaku
    12 00000000                                 [FILE "graphic.c"]
    13                                          [SECTION .data]
    14 00000000                                 _table_rgb.0:
    15 00000000 00                              	DB	0
    16 00000001 00                              	DB	0
    17 00000002 00                              	DB	0
    18 00000003 FF                              	DB	-1
    19 00000004 00                              	DB	0
    20 00000005 00                              	DB	0
    21 00000006 00                              	DB	0
    22 00000007 FF                              	DB	-1
    23 00000008 00                              	DB	0
    24 00000009 FF                              	DB	-1
    25 0000000A FF                              	DB	-1
    26 0000000B 00                              	DB	0
    27 0000000C 00                              	DB	0
    28 0000000D 00                              	DB	0
    29 0000000E FF                              	DB	-1
    30 0000000F FF                              	DB	-1
    31 00000010 00                              	DB	0
    32 00000011 FF                              	DB	-1
    33 00000012 00                              	DB	0
    34 00000013 FF                              	DB	-1
    35 00000014 FF                              	DB	-1
    36 00000015 FF                              	DB	-1
    37 00000016 FF                              	DB	-1
    38 00000017 FF                              	DB	-1
    39 00000018 C6                              	DB	-58
    40 00000019 C6                              	DB	-58
    41 0000001A C6                              	DB	-58
    42 0000001B 84                              	DB	-124
    43 0000001C 00                              	DB	0
    44 0000001D 00                              	DB	0
    45 0000001E 00                              	DB	0
    46 0000001F 84                              	DB	-124
    47 00000020 00                              	DB	0
    48 00000021 84                              	DB	-124
    49 00000022 84                              	DB	-124
    50 00000023 00                              	DB	0
    51 00000024 00                              	DB	0
    52 00000025 00                              	DB	0
    53 00000026 84                              	DB	-124
    54 00000027 84                              	DB	-124
    55 00000028 00                              	DB	0
    56 00000029 84                              	DB	-124
    57 0000002A 00                              	DB	0
    58 0000002B 84                              	DB	-124
    59 0000002C 84                              	DB	-124
    60 0000002D 84                              	DB	-124
    61 0000002E 84                              	DB	-124
    62 0000002F 84                              	DB	-124
    63                                          [SECTION .text]
    64 00000000                                 	ALIGN	2
    65 00000000                                 	GLOBAL	_init_palette
    66 00000000                                 _init_palette:
    67 00000000 55                              	PUSH	EBP
    68 00000001 89 E5                           	MOV	EBP,ESP
    69 00000003 68 [00000000]                   	PUSH	_table_rgb.0
    70 00000008 6A 0F                           	PUSH	15
    71 0000000A 6A 00                           	PUSH	0
    72 0000000C E8 00000003                     	CALL	_set_palette
    73 00000011 C9                              	LEAVE
    74 00000012 C3                              	RET
    75 00000013 90                              	ALIGN	2
    76 00000014                                 	GLOBAL	_set_palette
    77 00000014                                 _set_palette:
    78 00000014 55                              	PUSH	EBP
    79 00000015 89 E5                           	MOV	EBP,ESP
    80 00000017 57                              	PUSH	EDI
    81 00000018 56                              	PUSH	ESI
    82 00000019 53                              	PUSH	EBX
    83 0000001A 51                              	PUSH	ECX
    84 0000001B 8B 5D 08                        	MOV	EBX,DWORD [8+EBP]
    85 0000001E 8B 7D 0C                        	MOV	EDI,DWORD [12+EBP]
    86 00000021 8B 75 10                        	MOV	ESI,DWORD [16+EBP]
    87 00000024 E8 [00000000]                   	CALL	_io_load_eflags
    88 00000029 89 45 F0                        	MOV	DWORD [-16+EBP],EAX
    89 0000002C E8 [00000000]                   	CALL	_io_cli
    90 00000031 53                              	PUSH	EBX
    91 00000032 68 000003C8                     	PUSH	968
    92 00000037 E8 [00000000]                   	CALL	_io_out8
    93 0000003C 39 FB                           	CMP	EBX,EDI
    94 0000003E 58                              	POP	EAX
    95 0000003F 5A                              	POP	EDX
    96 00000040 7E 12                           	JLE	L7
    97 00000042                                 L9:
    98 00000042 8B 45 F0                        	MOV	EAX,DWORD [-16+EBP]
    99 00000045 89 45 08                        	MOV	DWORD [8+EBP],EAX
   100 00000048 8D 65 F4                        	LEA	ESP,DWORD [-12+EBP]
   101 0000004B 5B                              	POP	EBX
   102 0000004C 5E                              	POP	ESI
   103 0000004D 5F                              	POP	EDI
   104 0000004E 5D                              	POP	EBP
   105 0000004F E9 [00000000]                   	JMP	_io_store_eflags
   106 00000054                                 L7:
   107 00000054 8A 06                           	MOV	AL,BYTE [ESI]
   108 00000056 43                              	INC	EBX
   109 00000057 C0 E8 02                        	SHR	AL,2
   110 0000005A 0F B6 C0                        	MOVZX	EAX,AL
   111 0000005D 50                              	PUSH	EAX
   112 0000005E 68 000003C9                     	PUSH	969
   113 00000063 E8 [00000000]                   	CALL	_io_out8
   114 00000068 8A 46 01                        	MOV	AL,BYTE [1+ESI]
   115 0000006B C0 E8 02                        	SHR	AL,2
   116 0000006E 0F B6 C0                        	MOVZX	EAX,AL
   117 00000071 50                              	PUSH	EAX
   118 00000072 68 000003C9                     	PUSH	969
   119 00000077 E8 [00000000]                   	CALL	_io_out8
   120 0000007C 8A 46 02                        	MOV	AL,BYTE [2+ESI]
   121 0000007F C0 E8 02                        	SHR	AL,2
   122 00000082 83 C6 03                        	ADD	ESI,3
   123 00000085 0F B6 C0                        	MOVZX	EAX,AL
   124 00000088 50                              	PUSH	EAX
   125 00000089 68 000003C9                     	PUSH	969
   126 0000008E E8 [00000000]                   	CALL	_io_out8
   127 00000093 83 C4 18                        	ADD	ESP,24
   128 00000096 39 FB                           	CMP	EBX,EDI
   129 00000098 7E BA                           	JLE	L7
   130 0000009A EB A6                           	JMP	L9
   131 0000009C                                 	ALIGN	2
   132 0000009C                                 	GLOBAL	_boxfill8
   133 0000009C                                 _boxfill8:
   134 0000009C 55                              	PUSH	EBP
   135 0000009D 89 E5                           	MOV	EBP,ESP
   136 0000009F 57                              	PUSH	EDI
   137 000000A0 56                              	PUSH	ESI
   138 000000A1 53                              	PUSH	EBX
   139 000000A2 57                              	PUSH	EDI
   140 000000A3 57                              	PUSH	EDI
   141 000000A4 8A 45 10                        	MOV	AL,BYTE [16+EBP]
   142 000000A7 8B 4D 18                        	MOV	ECX,DWORD [24+EBP]
   143 000000AA 8B 7D 1C                        	MOV	EDI,DWORD [28+EBP]
   144 000000AD 88 45 F3                        	MOV	BYTE [-13+EBP],AL
   145 000000B0 3B 4D 20                        	CMP	ECX,DWORD [32+EBP]
   146 000000B3 7F 31                           	JG	L22
   147 000000B5 8B 5D 0C                        	MOV	EBX,DWORD [12+EBP]
   148 000000B8 0F AF D9                        	IMUL	EBX,ECX
   149 000000BB                                 L20:
   150 000000BB 8B 55 14                        	MOV	EDX,DWORD [20+EBP]
   151 000000BE 39 FA                           	CMP	EDX,EDI
   152 000000C0 7F 1B                           	JG	L24
   153 000000C2 8B 75 08                        	MOV	ESI,DWORD [8+EBP]
   154 000000C5 01 DE                           	ADD	ESI,EBX
   155 000000C7 01 D6                           	ADD	ESI,EDX
   156 000000C9 89 75 EC                        	MOV	DWORD [-20+EBP],ESI
   157 000000CC                                 L19:
   158 000000CC 8B 75 EC                        	MOV	ESI,DWORD [-20+EBP]
   159 000000CF 8A 45 F3                        	MOV	AL,BYTE [-13+EBP]
   160 000000D2 42                              	INC	EDX
   161 000000D3 88 06                           	MOV	BYTE [ESI],AL
   162 000000D5 46                              	INC	ESI
   163 000000D6 89 75 EC                        	MOV	DWORD [-20+EBP],ESI
   164 000000D9 39 FA                           	CMP	EDX,EDI
   165 000000DB 7E EF                           	JLE	L19
   166 000000DD                                 L24:
   167 000000DD 41                              	INC	ECX
   168 000000DE 03 5D 0C                        	ADD	EBX,DWORD [12+EBP]
   169 000000E1 3B 4D 20                        	CMP	ECX,DWORD [32+EBP]
   170 000000E4 7E D5                           	JLE	L20
   171 000000E6                                 L22:
   172 000000E6 5B                              	POP	EBX
   173 000000E7 5E                              	POP	ESI
   174 000000E8 5B                              	POP	EBX
   175 000000E9 5E                              	POP	ESI
   176 000000EA 5F                              	POP	EDI
   177 000000EB 5D                              	POP	EBP
   178 000000EC C3                              	RET
   179 000000ED 90                              	ALIGN	2
   180 000000EE                                 	GLOBAL	_init_screen
   181 000000EE                                 _init_screen:
   182 000000EE 55                              	PUSH	EBP
   183 000000EF 89 E5                           	MOV	EBP,ESP
   184 000000F1 57                              	PUSH	EDI
   185 000000F2 56                              	PUSH	ESI
   186 000000F3 53                              	PUSH	EBX
   187 000000F4 83 EC 0C                        	SUB	ESP,12
   188 000000F7 8B 45 10                        	MOV	EAX,DWORD [16+EBP]
   189 000000FA 8B 7D 0C                        	MOV	EDI,DWORD [12+EBP]
   190 000000FD 83 E8 1D                        	SUB	EAX,29
   191 00000100 4F                              	DEC	EDI
   192 00000101 50                              	PUSH	EAX
   193 00000102 57                              	PUSH	EDI
   194 00000103 6A 00                           	PUSH	0
   195 00000105 6A 00                           	PUSH	0
   196 00000107 6A 0E                           	PUSH	14
   197 00000109 FF 75 0C                        	PUSH	DWORD [12+EBP]
   198 0000010C FF 75 08                        	PUSH	DWORD [8+EBP]
   199 0000010F E8 FFFFFF88                     	CALL	_boxfill8
   200 00000114 8B 45 10                        	MOV	EAX,DWORD [16+EBP]
   201 00000117 83 E8 1C                        	SUB	EAX,28
   202 0000011A 50                              	PUSH	EAX
   203 0000011B 57                              	PUSH	EDI
   204 0000011C 50                              	PUSH	EAX
   205 0000011D 6A 00                           	PUSH	0
   206 0000011F 6A 08                           	PUSH	8
   207 00000121 FF 75 0C                        	PUSH	DWORD [12+EBP]
   208 00000124 FF 75 08                        	PUSH	DWORD [8+EBP]
   209 00000127 E8 FFFFFF70                     	CALL	_boxfill8
   210 0000012C 8B 45 10                        	MOV	EAX,DWORD [16+EBP]
   211 0000012F 83 C4 38                        	ADD	ESP,56
   212 00000132 83 E8 1B                        	SUB	EAX,27
   213 00000135 50                              	PUSH	EAX
   214 00000136 57                              	PUSH	EDI
   215 00000137 50                              	PUSH	EAX
   216 00000138 6A 00                           	PUSH	0
   217 0000013A 6A 07                           	PUSH	7
   218 0000013C FF 75 0C                        	PUSH	DWORD [12+EBP]
   219 0000013F FF 75 08                        	PUSH	DWORD [8+EBP]
   220 00000142 E8 FFFFFF55                     	CALL	_boxfill8
   221 00000147 8B 45 10                        	MOV	EAX,DWORD [16+EBP]
   222 0000014A 48                              	DEC	EAX
   223 0000014B 50                              	PUSH	EAX
   224 0000014C 8B 45 10                        	MOV	EAX,DWORD [16+EBP]
   225 0000014F 57                              	PUSH	EDI
   226 00000150 83 E8 1A                        	SUB	EAX,26
   227 00000153 50                              	PUSH	EAX
   228 00000154 6A 00                           	PUSH	0
   229 00000156 6A 08                           	PUSH	8
   230 00000158 FF 75 0C                        	PUSH	DWORD [12+EBP]
   231 0000015B FF 75 08                        	PUSH	DWORD [8+EBP]
   232 0000015E E8 FFFFFF39                     	CALL	_boxfill8
   233 00000163 8B 75 10                        	MOV	ESI,DWORD [16+EBP]
   234 00000166 83 C4 38                        	ADD	ESP,56
   235 00000169 83 EE 18                        	SUB	ESI,24
   236 0000016C 56                              	PUSH	ESI
   237 0000016D 6A 3B                           	PUSH	59
   238 0000016F 56                              	PUSH	ESI
   239 00000170 6A 03                           	PUSH	3
   240 00000172 6A 07                           	PUSH	7
   241 00000174 FF 75 0C                        	PUSH	DWORD [12+EBP]
   242 00000177 FF 75 08                        	PUSH	DWORD [8+EBP]
   243 0000017A E8 FFFFFF1D                     	CALL	_boxfill8
   244 0000017F 8B 45 10                        	MOV	EAX,DWORD [16+EBP]
   245 00000182 83 E8 04                        	SUB	EAX,4
   246 00000185 50                              	PUSH	EAX
   247 00000186 89 45 F0                        	MOV	DWORD [-16+EBP],EAX
   248 00000189 6A 02                           	PUSH	2
   249 0000018B 56                              	PUSH	ESI
   250 0000018C 6A 02                           	PUSH	2
   251 0000018E 6A 07                           	PUSH	7
   252 00000190 FF 75 0C                        	PUSH	DWORD [12+EBP]
   253 00000193 FF 75 08                        	PUSH	DWORD [8+EBP]
   254 00000196 E8 FFFFFF01                     	CALL	_boxfill8
   255 0000019B 83 C4 38                        	ADD	ESP,56
   256 0000019E FF 75 F0                        	PUSH	DWORD [-16+EBP]
   257 000001A1 6A 3B                           	PUSH	59
   258 000001A3 FF 75 F0                        	PUSH	DWORD [-16+EBP]
   259 000001A6 6A 03                           	PUSH	3
   260 000001A8 6A 0F                           	PUSH	15
   261 000001AA FF 75 0C                        	PUSH	DWORD [12+EBP]
   262 000001AD FF 75 08                        	PUSH	DWORD [8+EBP]
   263 000001B0 E8 FFFFFEE7                     	CALL	_boxfill8
   264 000001B5 8B 45 10                        	MOV	EAX,DWORD [16+EBP]
   265 000001B8 83 E8 05                        	SUB	EAX,5
   266 000001BB 50                              	PUSH	EAX
   267 000001BC 8B 45 10                        	MOV	EAX,DWORD [16+EBP]
   268 000001BF 6A 3B                           	PUSH	59
   269 000001C1 83 E8 17                        	SUB	EAX,23
   270 000001C4 50                              	PUSH	EAX
   271 000001C5 89 45 EC                        	MOV	DWORD [-20+EBP],EAX
   272 000001C8 6A 3B                           	PUSH	59
   273 000001CA 6A 0F                           	PUSH	15
   274 000001CC FF 75 0C                        	PUSH	DWORD [12+EBP]
   275 000001CF FF 75 08                        	PUSH	DWORD [8+EBP]
   276 000001D2 E8 FFFFFEC5                     	CALL	_boxfill8
   277 000001D7 8B 45 10                        	MOV	EAX,DWORD [16+EBP]
   278 000001DA 83 C4 38                        	ADD	ESP,56
   279 000001DD 83 E8 03                        	SUB	EAX,3
   280 000001E0 89 45 E8                        	MOV	DWORD [-24+EBP],EAX
   281 000001E3 50                              	PUSH	EAX
   282 000001E4 6A 3B                           	PUSH	59
   283 000001E6 50                              	PUSH	EAX
   284 000001E7 6A 02                           	PUSH	2
   285 000001E9 6A 00                           	PUSH	0
   286 000001EB FF 75 0C                        	PUSH	DWORD [12+EBP]
   287 000001EE FF 75 08                        	PUSH	DWORD [8+EBP]
   288 000001F1 E8 FFFFFEA6                     	CALL	_boxfill8
   289 000001F6 FF 75 E8                        	PUSH	DWORD [-24+EBP]
   290 000001F9 6A 3C                           	PUSH	60
   291 000001FB 56                              	PUSH	ESI
   292 000001FC 6A 3C                           	PUSH	60
   293 000001FE 6A 00                           	PUSH	0
   294 00000200 FF 75 0C                        	PUSH	DWORD [12+EBP]
   295 00000203 FF 75 08                        	PUSH	DWORD [8+EBP]
   296 00000206 E8 FFFFFE91                     	CALL	_boxfill8
   297 0000020B 8B 7D 0C                        	MOV	EDI,DWORD [12+EBP]
   298 0000020E 83 C4 38                        	ADD	ESP,56
   299 00000211 8B 5D 0C                        	MOV	EBX,DWORD [12+EBP]
   300 00000214 83 EB 04                        	SUB	EBX,4
   301 00000217 83 EF 2F                        	SUB	EDI,47
   302 0000021A 56                              	PUSH	ESI
   303 0000021B 53                              	PUSH	EBX
   304 0000021C 56                              	PUSH	ESI
   305 0000021D 57                              	PUSH	EDI
   306 0000021E 6A 0F                           	PUSH	15
   307 00000220 FF 75 0C                        	PUSH	DWORD [12+EBP]
   308 00000223 FF 75 08                        	PUSH	DWORD [8+EBP]
   309 00000226 E8 FFFFFE71                     	CALL	_boxfill8
   310 0000022B FF 75 F0                        	PUSH	DWORD [-16+EBP]
   311 0000022E 57                              	PUSH	EDI
   312 0000022F FF 75 EC                        	PUSH	DWORD [-20+EBP]
   313 00000232 57                              	PUSH	EDI
   314 00000233 6A 0F                           	PUSH	15
   315 00000235 FF 75 0C                        	PUSH	DWORD [12+EBP]
   316 00000238 FF 75 08                        	PUSH	DWORD [8+EBP]
   317 0000023B E8 FFFFFE5C                     	CALL	_boxfill8
   318 00000240 83 C4 38                        	ADD	ESP,56
   319 00000243 FF 75 E8                        	PUSH	DWORD [-24+EBP]
   320 00000246 53                              	PUSH	EBX
   321 00000247 FF 75 E8                        	PUSH	DWORD [-24+EBP]
   322 0000024A 57                              	PUSH	EDI
   323 0000024B 6A 07                           	PUSH	7
   324 0000024D FF 75 0C                        	PUSH	DWORD [12+EBP]
   325 00000250 FF 75 08                        	PUSH	DWORD [8+EBP]
   326 00000253 E8 FFFFFE44                     	CALL	_boxfill8
   327 00000258 8B 45 0C                        	MOV	EAX,DWORD [12+EBP]
   328 0000025B FF 75 E8                        	PUSH	DWORD [-24+EBP]
   329 0000025E 83 E8 03                        	SUB	EAX,3
   330 00000261 50                              	PUSH	EAX
   331 00000262 56                              	PUSH	ESI
   332 00000263 50                              	PUSH	EAX
   333 00000264 6A 07                           	PUSH	7
   334 00000266 FF 75 0C                        	PUSH	DWORD [12+EBP]
   335 00000269 FF 75 08                        	PUSH	DWORD [8+EBP]
   336 0000026C E8 FFFFFE2B                     	CALL	_boxfill8
   337 00000271 8D 65 F4                        	LEA	ESP,DWORD [-12+EBP]
   338 00000274 5B                              	POP	EBX
   339 00000275 5E                              	POP	ESI
   340 00000276 5F                              	POP	EDI
   341 00000277 5D                              	POP	EBP
   342 00000278 C3                              	RET
   343 00000279 90                              	ALIGN	2
   344 0000027A                                 	GLOBAL	_putfont8
   345 0000027A                                 _putfont8:
   346 0000027A 55                              	PUSH	EBP
   347 0000027B 89 E5                           	MOV	EBP,ESP
   348 0000027D 57                              	PUSH	EDI
   349 0000027E 56                              	PUSH	ESI
   350 0000027F 31 F6                           	XOR	ESI,ESI
   351 00000281 53                              	PUSH	EBX
   352 00000282 8B 7D 1C                        	MOV	EDI,DWORD [28+EBP]
   353 00000285 8A 5D 18                        	MOV	BL,BYTE [24+EBP]
   354 00000288                                 L39:
   355 00000288 8B 45 14                        	MOV	EAX,DWORD [20+EBP]
   356 0000028B 8B 55 10                        	MOV	EDX,DWORD [16+EBP]
   357 0000028E 01 F0                           	ADD	EAX,ESI
   358 00000290 0F AF 45 0C                     	IMUL	EAX,DWORD [12+EBP]
   359 00000294 03 45 08                        	ADD	EAX,DWORD [8+EBP]
   360 00000297 8D 0C 02                        	LEA	ECX,DWORD [EDX+EAX*1]
   361 0000029A 8A 14 3E                        	MOV	DL,BYTE [ESI+EDI*1]
   362 0000029D 84 D2                           	TEST	DL,DL
   363 0000029F 79 02                           	JNS	L31
   364 000002A1 88 19                           	MOV	BYTE [ECX],BL
   365 000002A3                                 L31:
   366 000002A3 88 D0                           	MOV	AL,DL
   367 000002A5 83 E0 40                        	AND	EAX,64
   368 000002A8 84 C0                           	TEST	AL,AL
   369 000002AA 74 03                           	JE	L32
   370 000002AC 88 59 01                        	MOV	BYTE [1+ECX],BL
   371 000002AF                                 L32:
   372 000002AF 88 D0                           	MOV	AL,DL
   373 000002B1 83 E0 20                        	AND	EAX,32
   374 000002B4 84 C0                           	TEST	AL,AL
   375 000002B6 74 03                           	JE	L33
   376 000002B8 88 59 02                        	MOV	BYTE [2+ECX],BL
   377 000002BB                                 L33:
   378 000002BB 88 D0                           	MOV	AL,DL
   379 000002BD 83 E0 10                        	AND	EAX,16
   380 000002C0 84 C0                           	TEST	AL,AL
   381 000002C2 74 03                           	JE	L34
   382 000002C4 88 59 03                        	MOV	BYTE [3+ECX],BL
   383 000002C7                                 L34:
   384 000002C7 88 D0                           	MOV	AL,DL
   385 000002C9 83 E0 08                        	AND	EAX,8
   386 000002CC 84 C0                           	TEST	AL,AL
   387 000002CE 74 03                           	JE	L35
   388 000002D0 88 59 04                        	MOV	BYTE [4+ECX],BL
   389 000002D3                                 L35:
   390 000002D3 88 D0                           	MOV	AL,DL
   391 000002D5 83 E0 04                        	AND	EAX,4
   392 000002D8 84 C0                           	TEST	AL,AL
   393 000002DA 74 03                           	JE	L36
   394 000002DC 88 59 05                        	MOV	BYTE [5+ECX],BL
   395 000002DF                                 L36:
   396 000002DF 88 D0                           	MOV	AL,DL
   397 000002E1 83 E0 02                        	AND	EAX,2
   398 000002E4 84 C0                           	TEST	AL,AL
   399 000002E6 74 03                           	JE	L37
   400 000002E8 88 59 06                        	MOV	BYTE [6+ECX],BL
   401 000002EB                                 L37:
   402 000002EB 83 E2 01                        	AND	EDX,1
   403 000002EE 84 D2                           	TEST	DL,DL
   404 000002F0 74 03                           	JE	L29
   405 000002F2 88 59 07                        	MOV	BYTE [7+ECX],BL
   406 000002F5                                 L29:
   407 000002F5 46                              	INC	ESI
   408 000002F6 83 FE 10                        	CMP	ESI,16
   409 000002F9 7E 8D                           	JLE	L39
   410 000002FB 5B                              	POP	EBX
   411 000002FC 5E                              	POP	ESI
   412 000002FD 5F                              	POP	EDI
   413 000002FE 5D                              	POP	EBP
   414 000002FF C3                              	RET
   415 00000300                                 	ALIGN	2
   416 00000300                                 	GLOBAL	_putfonts8_asc
   417 00000300                                 _putfonts8_asc:
   418 00000300 55                              	PUSH	EBP
   419 00000301 89 E5                           	MOV	EBP,ESP
   420 00000303 57                              	PUSH	EDI
   421 00000304 56                              	PUSH	ESI
   422 00000305 53                              	PUSH	EBX
   423 00000306 50                              	PUSH	EAX
   424 00000307 8B 5D 1C                        	MOV	EBX,DWORD [28+EBP]
   425 0000030A 8A 45 18                        	MOV	AL,BYTE [24+EBP]
   426 0000030D 88 45 F3                        	MOV	BYTE [-13+EBP],AL
   427 00000310 8B 75 10                        	MOV	ESI,DWORD [16+EBP]
   428 00000313 8B 7D 14                        	MOV	EDI,DWORD [20+EBP]
   429 00000316 80 3B 00                        	CMP	BYTE [EBX],0
   430 00000319 75 08                           	JNE	L47
   431 0000031B                                 L49:
   432 0000031B 8D 65 F4                        	LEA	ESP,DWORD [-12+EBP]
   433 0000031E 5B                              	POP	EBX
   434 0000031F 5E                              	POP	ESI
   435 00000320 5F                              	POP	EDI
   436 00000321 5D                              	POP	EBP
   437 00000322 C3                              	RET
   438 00000323                                 L47:
   439 00000323 0F B6 03                        	MOVZX	EAX,BYTE [EBX]
   440 00000326 C1 E0 04                        	SAL	EAX,4
   441 00000329 43                              	INC	EBX
   442 0000032A 05 [00000000]                   	ADD	EAX,_hankaku
   443 0000032F 50                              	PUSH	EAX
   444 00000330 0F BE 45 F3                     	MOVSX	EAX,BYTE [-13+EBP]
   445 00000334 50                              	PUSH	EAX
   446 00000335 57                              	PUSH	EDI
   447 00000336 56                              	PUSH	ESI
   448 00000337 83 C6 08                        	ADD	ESI,8
   449 0000033A FF 75 0C                        	PUSH	DWORD [12+EBP]
   450 0000033D FF 75 08                        	PUSH	DWORD [8+EBP]
   451 00000340 E8 FFFFFF35                     	CALL	_putfont8
   452 00000345 83 C4 18                        	ADD	ESP,24
   453 00000348 80 3B 00                        	CMP	BYTE [EBX],0
   454 0000034B 75 D6                           	JNE	L47
   455 0000034D EB CC                           	JMP	L49
   456                                          [SECTION .data]
   457 00000030                                 _cursor.1:
   458 00000030 2A 2A 2A 2A 2A 2A 2A 2A 2A 2A   	DB	"**************.."
       0000003A 2A 2A 2A 2A 2E 2E 
   459 00000040 2A 4F 4F 4F 4F 4F 4F 4F 4F 4F   	DB	"*OOOOOOOOOOO*..."
       0000004A 4F 4F 2A 2E 2E 2E 
   460 00000050 2A 4F 4F 4F 4F 4F 4F 4F 4F 4F   	DB	"*OOOOOOOOOO*...."
       0000005A 4F 2A 2E 2E 2E 2E 
   461 00000060 2A 4F 4F 4F 4F 4F 4F 4F 4F 4F   	DB	"*OOOOOOOOO*....."
       0000006A 2A 2E 2E 2E 2E 2E 
   462 00000070 2A 4F 4F 4F 4F 4F 4F 4F 4F 2A   	DB	"*OOOOOOOO*......"
       0000007A 2E 2E 2E 2E 2E 2E 
   463 00000080 2A 4F 4F 4F 4F 4F 4F 4F 2A 2E   	DB	"*OOOOOOO*......."
       0000008A 2E 2E 2E 2E 2E 2E 
   464 00000090 2A 4F 4F 4F 4F 4F 4F 4F 2A 2E   	DB	"*OOOOOOO*......."
       0000009A 2E 2E 2E 2E 2E 2E 
   465 000000A0 2A 4F 4F 4F 4F 4F 4F 4F 4F 2A   	DB	"*OOOOOOOO*......"
       000000AA 2E 2E 2E 2E 2E 2E 
   466 000000B0 2A 4F 4F 4F 4F 2A 2A 4F 4F 4F   	DB	"*OOOO**OOO*....."
       000000BA 2A 2E 2E 2E 2E 2E 
   467 000000C0 2A 4F 4F 4F 2A 2E 2E 2A 4F 4F   	DB	"*OOO*..*OOO*...."
       000000CA 4F 2A 2E 2E 2E 2E 
   468 000000D0 2A 4F 4F 2A 2E 2E 2E 2E 2A 4F   	DB	"*OO*....*OOO*..."
       000000DA 4F 4F 2A 2E 2E 2E 
   469 000000E0 2A 4F 2A 2E 2E 2E 2E 2E 2E 2A   	DB	"*O*......*OOO*.."
       000000EA 4F 4F 4F 2A 2E 2E 
   470 000000F0 2A 2A 2E 2E 2E 2E 2E 2E 2E 2E   	DB	"**........*OOO*."
       000000FA 2A 4F 4F 4F 2A 2E 
   471 00000100 2A 2E 2E 2E 2E 2E 2E 2E 2E 2E   	DB	"*..........*OOO*"
       0000010A 2E 2A 4F 4F 4F 2A 
   472 00000110 2E 2E 2E 2E 2E 2E 2E 2E 2E 2E   	DB	"............*OO*"
       0000011A 2E 2E 2A 4F 4F 2A 
   473 00000120 2E 2E 2E 2E 2E 2E 2E 2E 2E 2E   	DB	".............***"
       0000012A 2E 2E 2E 2A 2A 2A 
   474                                          [SECTION .text]
   475 0000034F 90                              	ALIGN	2
   476 00000350                                 	GLOBAL	_init_mouse_cursor8
   477 00000350                                 _init_mouse_cursor8:
   478 00000350 55                              	PUSH	EBP
   479 00000351 89 E5                           	MOV	EBP,ESP
   480 00000353 57                              	PUSH	EDI
   481 00000354 56                              	PUSH	ESI
   482 00000355 31 FF                           	XOR	EDI,EDI
   483 00000357 53                              	PUSH	EBX
   484 00000358 31 DB                           	XOR	EBX,EBX
   485 0000035A 50                              	PUSH	EAX
   486 0000035B 8A 45 0C                        	MOV	AL,BYTE [12+EBP]
   487 0000035E 8B 75 08                        	MOV	ESI,DWORD [8+EBP]
   488 00000361 88 45 F3                        	MOV	BYTE [-13+EBP],AL
   489 00000364                                 L63:
   490 00000364 31 D2                           	XOR	EDX,EDX
   491 00000366                                 L62:
   492 00000366 8D 04 3A                        	LEA	EAX,DWORD [EDX+EDI*1]
   493 00000369 80 B8 [00000030] 2A             	CMP	BYTE [_cursor.1+EAX],42
   494 00000370 74 35                           	JE	L68
   495 00000372                                 L59:
   496 00000372 80 B8 [00000030] 4F             	CMP	BYTE [_cursor.1+EAX],79
   497 00000379 74 26                           	JE	L69
   498 0000037B                                 L60:
   499 0000037B 80 B8 [00000030] 2E             	CMP	BYTE [_cursor.1+EAX],46
   500 00000382 74 15                           	JE	L70
   501 00000384                                 L57:
   502 00000384 42                              	INC	EDX
   503 00000385 83 FA 0F                        	CMP	EDX,15
   504 00000388 7E DC                           	JLE	L62
   505 0000038A 43                              	INC	EBX
   506 0000038B 83 C7 10                        	ADD	EDI,16
   507 0000038E 83 FB 0F                        	CMP	EBX,15
   508 00000391 7E D1                           	JLE	L63
   509 00000393 58                              	POP	EAX
   510 00000394 5B                              	POP	EBX
   511 00000395 5E                              	POP	ESI
   512 00000396 5F                              	POP	EDI
   513 00000397 5D                              	POP	EBP
   514 00000398 C3                              	RET
   515 00000399                                 L70:
   516 00000399 8A 4D F3                        	MOV	CL,BYTE [-13+EBP]
   517 0000039C 88 0C 30                        	MOV	BYTE [EAX+ESI*1],CL
   518 0000039F EB E3                           	JMP	L57
   519 000003A1                                 L69:
   520 000003A1 C6 04 30 07                     	MOV	BYTE [EAX+ESI*1],7
   521 000003A5 EB D4                           	JMP	L60
   522 000003A7                                 L68:
   523 000003A7 C6 04 30 00                     	MOV	BYTE [EAX+ESI*1],0
   524 000003AB EB C5                           	JMP	L59
   525 000003AD 90                              	ALIGN	2
   526 000003AE                                 	GLOBAL	_putblock8_8
   527 000003AE                                 _putblock8_8:
   528 000003AE 55                              	PUSH	EBP
   529 000003AF 89 E5                           	MOV	EBP,ESP
   530 000003B1 57                              	PUSH	EDI
   531 000003B2 56                              	PUSH	ESI
   532 000003B3 31 F6                           	XOR	ESI,ESI
   533 000003B5 53                              	PUSH	EBX
   534 000003B6 83 EC 0C                        	SUB	ESP,12
   535 000003B9 3B 75 14                        	CMP	ESI,DWORD [20+EBP]
   536 000003BC 7D 3E                           	JGE	L83
   537 000003BE 31 FF                           	XOR	EDI,EDI
   538 000003C0                                 L81:
   539 000003C0 31 DB                           	XOR	EBX,EBX
   540 000003C2 3B 5D 10                        	CMP	EBX,DWORD [16+EBP]
   541 000003C5 7D 2C                           	JGE	L85
   542 000003C7 8B 45 20                        	MOV	EAX,DWORD [32+EBP]
   543 000003CA 01 F8                           	ADD	EAX,EDI
   544 000003CC 89 45 EC                        	MOV	DWORD [-20+EBP],EAX
   545 000003CF                                 L80:
   546 000003CF 8B 45 1C                        	MOV	EAX,DWORD [28+EBP]
   547 000003D2 8B 55 18                        	MOV	EDX,DWORD [24+EBP]
   548 000003D5 01 F0                           	ADD	EAX,ESI
   549 000003D7 01 DA                           	ADD	EDX,EBX
   550 000003D9 0F AF 45 0C                     	IMUL	EAX,DWORD [12+EBP]
   551 000003DD 01 D0                           	ADD	EAX,EDX
   552 000003DF 8B 4D 08                        	MOV	ECX,DWORD [8+EBP]
   553 000003E2 8B 55 EC                        	MOV	EDX,DWORD [-20+EBP]
   554 000003E5 43                              	INC	EBX
   555 000003E6 8A 12                           	MOV	DL,BYTE [EDX]
   556 000003E8 88 14 08                        	MOV	BYTE [EAX+ECX*1],DL
   557 000003EB FF 45 EC                        	INC	DWORD [-20+EBP]
   558 000003EE 3B 5D 10                        	CMP	EBX,DWORD [16+EBP]
   559 000003F1 7C DC                           	JL	L80
   560 000003F3                                 L85:
   561 000003F3 46                              	INC	ESI
   562 000003F4 03 7D 24                        	ADD	EDI,DWORD [36+EBP]
   563 000003F7 3B 75 14                        	CMP	ESI,DWORD [20+EBP]
   564 000003FA 7C C4                           	JL	L81
   565 000003FC                                 L83:
   566 000003FC 83 C4 0C                        	ADD	ESP,12
   567 000003FF 5B                              	POP	EBX
   568 00000400 5E                              	POP	ESI
   569 00000401 5F                              	POP	EDI
   570 00000402 5D                              	POP	EBP
   571 00000403 C3                              	RET
