     1 00000000                                 [FORMAT "WCOFF"]
     2 00000000                                 [INSTRSET "i486p"]
     3 00000000                                 [OPTIMIZE 1]
     4 00000000                                 [OPTION 1]
     5 00000000                                 [BITS 32]
     6 00000000                                 [FILE "memory.c"]
     7                                          [SECTION .text]
     8 00000000                                 	ALIGN	2
     9 00000000                                 	GLOBAL	_memman_init
    10 00000000                                 _memman_init:
    11 00000000 55                              	PUSH	EBP
    12 00000001 89 E5                           	MOV	EBP,ESP
    13 00000003 8B 45 08                        	MOV	EAX,DWORD [8+EBP]
    14 00000006 C7 00 00000000                  	MOV	DWORD [EAX],0
    15 0000000C C7 40 04 00000000               	MOV	DWORD [4+EAX],0
    16 00000013 C7 40 08 00000000               	MOV	DWORD [8+EAX],0
    17 0000001A C7 40 0C 00000000               	MOV	DWORD [12+EAX],0
    18 00000021 5D                              	POP	EBP
    19 00000022 C3                              	RET
    20 00000023 90                              	ALIGN	2
    21 00000024                                 	GLOBAL	_memman_total
    22 00000024                                 _memman_total:
    23 00000024 55                              	PUSH	EBP
    24 00000025 31 C0                           	XOR	EAX,EAX
    25 00000027 89 E5                           	MOV	EBP,ESP
    26 00000029 31 D2                           	XOR	EDX,EDX
    27 0000002B 53                              	PUSH	EBX
    28 0000002C 8B 5D 08                        	MOV	EBX,DWORD [8+EBP]
    29 0000002F 8B 0B                           	MOV	ECX,DWORD [EBX]
    30 00000031 39 C8                           	CMP	EAX,ECX
    31 00000033 73 09                           	JAE	L9
    32 00000035                                 L7:
    33 00000035 03 44 D3 14                     	ADD	EAX,DWORD [20+EBX+EDX*8]
    34 00000039 42                              	INC	EDX
    35 0000003A 39 CA                           	CMP	EDX,ECX
    36 0000003C 72 F7                           	JB	L7
    37 0000003E                                 L9:
    38 0000003E 5B                              	POP	EBX
    39 0000003F 5D                              	POP	EBP
    40 00000040 C3                              	RET
    41 00000041 90                              	ALIGN	2
    42 00000042                                 	GLOBAL	_memman_alloc
    43 00000042                                 _memman_alloc:
    44 00000042 55                              	PUSH	EBP
    45 00000043 31 C9                           	XOR	ECX,ECX
    46 00000045 89 E5                           	MOV	EBP,ESP
    47 00000047 57                              	PUSH	EDI
    48 00000048 56                              	PUSH	ESI
    49 00000049 53                              	PUSH	EBX
    50 0000004A 8B 75 0C                        	MOV	ESI,DWORD [12+EBP]
    51 0000004D 8B 5D 08                        	MOV	EBX,DWORD [8+EBP]
    52 00000050 8B 03                           	MOV	EAX,DWORD [EBX]
    53 00000052 39 C1                           	CMP	ECX,EAX
    54 00000054 73 0D                           	JAE	L24
    55 00000056                                 L22:
    56 00000056 8B 54 CB 14                     	MOV	EDX,DWORD [20+EBX+ECX*8]
    57 0000005A 39 F2                           	CMP	EDX,ESI
    58 0000005C 73 0C                           	JAE	L26
    59 0000005E 41                              	INC	ECX
    60 0000005F 39 C1                           	CMP	ECX,EAX
    61 00000061 72 F3                           	JB	L22
    62 00000063                                 L24:
    63 00000063 31 C0                           	XOR	EAX,EAX
    64 00000065                                 L10:
    65 00000065 5B                              	POP	EBX
    66 00000066 5E                              	POP	ESI
    67 00000067 5F                              	POP	EDI
    68 00000068 5D                              	POP	EBP
    69 00000069 C3                              	RET
    70 0000006A                                 L26:
    71 0000006A 8B 7C CB 10                     	MOV	EDI,DWORD [16+EBX+ECX*8]
    72 0000006E 8D 04 3E                        	LEA	EAX,DWORD [ESI+EDI*1]
    73 00000071 89 44 CB 10                     	MOV	DWORD [16+EBX+ECX*8],EAX
    74 00000075 89 D0                           	MOV	EAX,EDX
    75 00000077 29 F0                           	SUB	EAX,ESI
    76 00000079 89 44 CB 14                     	MOV	DWORD [20+EBX+ECX*8],EAX
    77 0000007D 85 C0                           	TEST	EAX,EAX
    78 0000007F 75 20                           	JNE	L16
    79 00000081 8B 03                           	MOV	EAX,DWORD [EBX]
    80 00000083 48                              	DEC	EAX
    81 00000084 89 03                           	MOV	DWORD [EBX],EAX
    82 00000086 39 C1                           	CMP	ECX,EAX
    83 00000088 73 17                           	JAE	L16
    84 0000008A 89 C6                           	MOV	ESI,EAX
    85 0000008C                                 L21:
    86 0000008C 8B 44 CB 18                     	MOV	EAX,DWORD [24+EBX+ECX*8]
    87 00000090 8B 54 CB 1C                     	MOV	EDX,DWORD [28+EBX+ECX*8]
    88 00000094 89 44 CB 10                     	MOV	DWORD [16+EBX+ECX*8],EAX
    89 00000098 89 54 CB 14                     	MOV	DWORD [20+EBX+ECX*8],EDX
    90 0000009C 41                              	INC	ECX
    91 0000009D 39 F1                           	CMP	ECX,ESI
    92 0000009F 72 EB                           	JB	L21
    93 000000A1                                 L16:
    94 000000A1 89 F8                           	MOV	EAX,EDI
    95 000000A3 EB C0                           	JMP	L10
    96 000000A5 90                              	ALIGN	2
    97 000000A6                                 	GLOBAL	_memman_free
    98 000000A6                                 _memman_free:
    99 000000A6 55                              	PUSH	EBP
   100 000000A7 89 E5                           	MOV	EBP,ESP
   101 000000A9 57                              	PUSH	EDI
   102 000000AA 56                              	PUSH	ESI
   103 000000AB 8B 75 08                        	MOV	ESI,DWORD [8+EBP]
   104 000000AE 53                              	PUSH	EBX
   105 000000AF 31 DB                           	XOR	EBX,EBX
   106 000000B1 8B 3E                           	MOV	EDI,DWORD [ESI]
   107 000000B3 39 FB                           	CMP	EBX,EDI
   108 000000B5 7D 0E                           	JGE	L29
   109 000000B7                                 L33:
   110 000000B7 8B 45 0C                        	MOV	EAX,DWORD [12+EBP]
   111 000000BA 39 44 DE 10                     	CMP	DWORD [16+ESI+EBX*8],EAX
   112 000000BE 77 05                           	JA	L29
   113 000000C0 43                              	INC	EBX
   114 000000C1 39 FB                           	CMP	EBX,EDI
   115 000000C3 7C F2                           	JL	L33
   116 000000C5                                 L29:
   117 000000C5 85 DB                           	TEST	EBX,EBX
   118 000000C7 7E 0F                           	JLE	L34
   119 000000C9 8B 54 DE 0C                     	MOV	EDX,DWORD [12+ESI+EBX*8]
   120 000000CD 8B 44 DE 08                     	MOV	EAX,DWORD [8+ESI+EBX*8]
   121 000000D1 01 D0                           	ADD	EAX,EDX
   122 000000D3 3B 45 0C                        	CMP	EAX,DWORD [12+EBP]
   123 000000D6 74 73                           	JE	L57
   124 000000D8                                 L34:
   125 000000D8 39 FB                           	CMP	EBX,EDI
   126 000000DA 7D 0C                           	JGE	L43
   127 000000DC 8B 45 0C                        	MOV	EAX,DWORD [12+EBP]
   128 000000DF 03 45 10                        	ADD	EAX,DWORD [16+EBP]
   129 000000E2 3B 44 DE 10                     	CMP	EAX,DWORD [16+ESI+EBX*8]
   130 000000E6 74 53                           	JE	L58
   131 000000E8                                 L43:
   132 000000E8 81 FF 00000FF9                  	CMP	EDI,4089
   133 000000EE 7F 3D                           	JG	L45
   134 000000F0 89 F9                           	MOV	ECX,EDI
   135 000000F2 39 DF                           	CMP	EDI,EBX
   136 000000F4 7E 15                           	JLE	L55
   137 000000F6                                 L50:
   138 000000F6 8B 44 CE 08                     	MOV	EAX,DWORD [8+ESI+ECX*8]
   139 000000FA 8B 54 CE 0C                     	MOV	EDX,DWORD [12+ESI+ECX*8]
   140 000000FE 89 44 CE 10                     	MOV	DWORD [16+ESI+ECX*8],EAX
   141 00000102 89 54 CE 14                     	MOV	DWORD [20+ESI+ECX*8],EDX
   142 00000106 49                              	DEC	ECX
   143 00000107 39 D9                           	CMP	ECX,EBX
   144 00000109 7F EB                           	JG	L50
   145 0000010B                                 L55:
   146 0000010B 8D 47 01                        	LEA	EAX,DWORD [1+EDI]
   147 0000010E 89 06                           	MOV	DWORD [ESI],EAX
   148 00000110 39 46 04                        	CMP	DWORD [4+ESI],EAX
   149 00000113 7D 03                           	JGE	L51
   150 00000115 89 46 04                        	MOV	DWORD [4+ESI],EAX
   151 00000118                                 L51:
   152 00000118 8B 45 0C                        	MOV	EAX,DWORD [12+EBP]
   153 0000011B 89 44 DE 10                     	MOV	DWORD [16+ESI+EBX*8],EAX
   154 0000011F 8B 45 10                        	MOV	EAX,DWORD [16+EBP]
   155 00000122 89 44 DE 14                     	MOV	DWORD [20+ESI+EBX*8],EAX
   156 00000126                                 L56:
   157 00000126 31 C0                           	XOR	EAX,EAX
   158 00000128                                 L27:
   159 00000128 5B                              	POP	EBX
   160 00000129 5E                              	POP	ESI
   161 0000012A 5F                              	POP	EDI
   162 0000012B 5D                              	POP	EBP
   163 0000012C C3                              	RET
   164 0000012D                                 L45:
   165 0000012D 8B 45 10                        	MOV	EAX,DWORD [16+EBP]
   166 00000130 FF 46 0C                        	INC	DWORD [12+ESI]
   167 00000133 01 46 08                        	ADD	DWORD [8+ESI],EAX
   168 00000136 83 C8 FF                        	OR	EAX,-1
   169 00000139 EB ED                           	JMP	L27
   170 0000013B                                 L58:
   171 0000013B 8B 45 0C                        	MOV	EAX,DWORD [12+EBP]
   172 0000013E 89 44 DE 10                     	MOV	DWORD [16+ESI+EBX*8],EAX
   173 00000142 8B 45 10                        	MOV	EAX,DWORD [16+EBP]
   174 00000145 01 44 DE 14                     	ADD	DWORD [20+ESI+EBX*8],EAX
   175 00000149 EB DB                           	JMP	L56
   176 0000014B                                 L57:
   177 0000014B 03 55 10                        	ADD	EDX,DWORD [16+EBP]
   178 0000014E 89 54 DE 0C                     	MOV	DWORD [12+ESI+EBX*8],EDX
   179 00000152 3B 1E                           	CMP	EBX,DWORD [ESI]
   180 00000154 7D D0                           	JGE	L56
   181 00000156 8B 45 0C                        	MOV	EAX,DWORD [12+EBP]
   182 00000159 03 45 10                        	ADD	EAX,DWORD [16+EBP]
   183 0000015C 3B 44 DE 10                     	CMP	EAX,DWORD [16+ESI+EBX*8]
   184 00000160 75 C4                           	JNE	L56
   185 00000162 03 54 DE 14                     	ADD	EDX,DWORD [20+ESI+EBX*8]
   186 00000166 89 54 DE 0C                     	MOV	DWORD [12+ESI+EBX*8],EDX
   187 0000016A 8B 06                           	MOV	EAX,DWORD [ESI]
   188 0000016C 48                              	DEC	EAX
   189 0000016D 89 06                           	MOV	DWORD [ESI],EAX
   190 0000016F 39 C3                           	CMP	EBX,EAX
   191 00000171 7D B3                           	JGE	L56
   192 00000173 89 C1                           	MOV	ECX,EAX
   193 00000175                                 L42:
   194 00000175 8B 44 DE 18                     	MOV	EAX,DWORD [24+ESI+EBX*8]
   195 00000179 8B 54 DE 1C                     	MOV	EDX,DWORD [28+ESI+EBX*8]
   196 0000017D 89 44 DE 10                     	MOV	DWORD [16+ESI+EBX*8],EAX
   197 00000181 89 54 DE 14                     	MOV	DWORD [20+ESI+EBX*8],EDX
   198 00000185 43                              	INC	EBX
   199 00000186 39 CB                           	CMP	EBX,ECX
   200 00000188 7C EB                           	JL	L42
   201 0000018A EB 9A                           	JMP	L56
